

: at 2023-04-24 06:28:21.0
 IP address: 10.0.2.251
CPU usage: 3.375%
Memory usage: 6.660386816E9MB
Disk usage: 57.25897686878574%

: at 2023-04-24 06:28:26.0
 IP address: 10.0.2.251
CPU usage: 4.125%
Memory usage: 6.71410176E9MB
Disk usage: 57.25897686878574%

: at 2023-04-24 06:28:31.0
 IP address: 10.0.2.251
CPU usage: 3.75%
Memory usage: 6.7024896E9MB
Disk usage: 57.25901611997125%

: at 2023-04-24 06:28:36.0
 IP address: 10.0.2.251
CPU usage: 3.375%
Memory usage: 6.704852992E9MB
Disk usage: 57.25902593276763%

: at 2023-04-24 06:28:41.0
 IP address: 10.0.2.251
CPU usage: 3.125%
Memory usage: 6.709506048E9MB
Disk usage: 57.25902593276763%

: at 2023-04-24 06:28:46.0
 IP address: 10.0.2.251
CPU usage: 3.875%
Memory usage: 6.7126272E9MB
Disk usage: 57.25903083916582%

: at 2023-04-24 06:28:51.0
 IP address: 10.0.2.251
CPU usage: 3.6249999999999996%
Memory usage: 6.718128128E9MB
Disk usage: 57.25903083916582%

: at 2023-04-24 06:28:56.0
 IP address: 10.0.2.251
CPU usage: 3.25%
Memory usage: 6.703079424E9MB
Disk usage: 57.258991587980304%

: at 2023-04-24 06:29:01.0
 IP address: 10.0.2.251
CPU usage: 3.0%
Memory usage: 6.704553984E9MB
Disk usage: 57.258991587980304%

: at 2023-04-24 06:29:06.0
 IP address: 10.0.2.251
CPU usage: 2.75%
Memory usage: 6.702555136E9MB
Disk usage: 57.258996494378486%

: at 2023-04-24 06:29:11.0
 IP address: 10.0.2.251
CPU usage: 2.5%
Memory usage: 6.699515904E9MB
Disk usage: 57.258996494378486%

: at 2023-04-24 06:29:16.0
 IP address: 10.0.2.251
CPU usage: 2.375%
Memory usage: 6.699798528E9MB
Disk usage: 57.258996494378486%

: at 2023-04-24 06:29:22.0
 IP address: 10.0.2.251
CPU usage: 2.125%
Memory usage: 6.713458688E9MB
Disk usage: 57.258996494378486%

: at 2023-04-24 06:29:27.0
 IP address: 10.0.2.251
CPU usage: 2.0%
Memory usage: 6.703804416E9MB
Disk usage: 57.258996494378486%

: at 2023-04-24 06:29:32.0
 IP address: 10.0.2.251
CPU usage: 1.875%
Memory usage: 6.678831104E9MB
Disk usage: 57.25896705598936%

: at 2023-04-24 06:29:37.0
 IP address: 10.0.2.251
CPU usage: 1.625%
Memory usage: 6.67987968E9MB
Disk usage: 57.25897196238755%

: at 2023-04-24 06:29:42.0
 IP address: 10.0.2.251
CPU usage: 1.5%
Memory usage: 6.684782592E9MB
Disk usage: 57.25897196238755%

: at 2023-04-24 06:29:47.0
 IP address: 10.0.2.251
CPU usage: 1.375%
Memory usage: 6.682476544E9MB
Disk usage: 57.25897686878574%

: at 2023-04-24 06:29:52.0
 IP address: 10.0.2.251
CPU usage: 1.25%
Memory usage: 6.68356608E9MB
Disk usage: 57.25897686878574%

: at 2023-04-24 06:29:57.0
 IP address: 10.0.2.251
CPU usage: 1.25%
Memory usage: 6.68465152E9MB
Disk usage: 57.25897686878574%

: at 2023-04-24 06:30:02.0
 IP address: 10.0.2.251
CPU usage: 1.125%
Memory usage: 6.682902528E9MB
Disk usage: 57.25897686878574%

: at 2023-04-24 06:30:07.0
 IP address: 10.0.2.251
CPU usage: 4.0%
Memory usage: 6.721400832E9MB
Disk usage: 57.258981775183926%

: at 2023-04-24 06:30:34.0
 IP address: 10.0.2.251
CPU usage: 3.125%
Memory usage: 6.627557376E9MB
Disk usage: 57.258981775183926%

: at 2023-04-24 06:30:39.0
 IP address: 10.0.2.251
CPU usage: 2.875%
Memory usage: 6.663774208E9MB
Disk usage: 57.258981775183926%

: at 2023-04-24 06:30:56.0
 IP address: 10.0.2.251
CPU usage: 3.25%
Memory usage: 6.6512896E9MB
Disk usage: 57.258981775183926%

: at 2023-04-24 07:32:16.0
 IP address: 10.0.2.251
CPU usage: 2.5%
Memory usage: 6.764322816E9MB
Disk usage: 57.260463507436874%

: at 2023-04-24 07:32:22.0
 IP address: 10.0.2.251
CPU usage: 2.25%
Memory usage: 6.829522944E9MB
Disk usage: 57.26049785222419%

: at 2023-04-24 07:32:27.0
 IP address: 10.0.2.251
CPU usage: 3.125%
Memory usage: 6.822354944E9MB
Disk usage: 57.26047332023325%

: at 2023-04-24 07:32:32.0
 IP address: 10.0.2.251
CPU usage: 2.875%
Memory usage: 6.825050112E9MB
Disk usage: 57.26050275862238%

: at 2023-04-24 07:32:37.0
 IP address: 10.0.2.251
CPU usage: 2.625%
Memory usage: 6.8307968E9MB
Disk usage: 57.26050275862238%

: at 2023-04-24 07:32:42.0
 IP address: 10.0.2.251
CPU usage: 2.375%
Memory usage: 6.823981056E9MB
Disk usage: 57.26050275862238%

: at 2023-04-24 07:32:47.0
 IP address: 10.0.2.251
CPU usage: 2.25%
Memory usage: 6.814736384E9MB
Disk usage: 57.26050766502057%

: at 2023-04-24 07:32:52.0
 IP address: 10.0.2.251
CPU usage: 2.0%
Memory usage: 6.81627648E9MB
Disk usage: 57.26050766502057%

: at 2023-04-24 07:32:57.0
 IP address: 10.0.2.251
CPU usage: 1.875%
Memory usage: 6.819897344E9MB
Disk usage: 57.26050766502057%

: at 2023-04-24 07:33:02.0
 IP address: 10.0.2.251
CPU usage: 1.7500000000000002%
Memory usage: 6.816251904E9MB
Disk usage: 57.26050766502057%

: at 2023-04-24 07:33:07.0
 IP address: 10.0.2.251
CPU usage: 1.625%
Memory usage: 6.815633408E9MB
Disk usage: 57.26050766502057%

: at 2023-04-24 07:33:12.0
 IP address: 10.0.2.251
CPU usage: 1.5%
Memory usage: 6.839390208E9MB
Disk usage: 57.26051257141875%

: at 2023-04-24 07:33:17.0
 IP address: 10.0.2.251
CPU usage: 1.375%
Memory usage: 6.842986496E9MB
Disk usage: 57.26051257141875%

: at 2023-04-24 07:33:22.0
 IP address: 10.0.2.251
CPU usage: 1.25%
Memory usage: 6.831366144E9MB
Disk usage: 57.26051257141875%

: at 2023-04-24 07:33:27.0
 IP address: 10.0.2.251
CPU usage: 1.125%
Memory usage: 6.830292992E9MB
Disk usage: 57.260517477816954%

: at 2023-04-24 07:33:32.0
 IP address: 10.0.2.251
CPU usage: 1.0%
Memory usage: 6.83655168E9MB
Disk usage: 57.260527290613325%

: at 2023-04-24 07:33:37.0
 IP address: 10.0.2.251
CPU usage: 1.0%
Memory usage: 6.830616576E9MB
Disk usage: 57.260527290613325%

: at 2023-04-24 07:33:42.0
 IP address: 10.0.2.251
CPU usage: 0.8750000000000001%
Memory usage: 6.834761728E9MB
Disk usage: 57.260532197011514%

: at 2023-04-24 07:33:47.0
 IP address: 10.0.2.251
CPU usage: 0.75%
Memory usage: 6.832697344E9MB
Disk usage: 57.260532197011514%

: at 2023-04-24 07:33:52.0
 IP address: 10.0.2.251
CPU usage: 0.75%
Memory usage: 6.833713152E9MB
Disk usage: 57.260532197011514%

: at 2023-04-24 07:33:57.0
 IP address: 10.0.2.251
CPU usage: 2.625%
Memory usage: 6.863204352E9MB
Disk usage: 57.260532197011514%

: at 2023-04-24 07:34:02.0
 IP address: 10.0.2.251
CPU usage: 4.5%
Memory usage: 6.878687232E9MB
Disk usage: 57.260532197011514%

: at 2023-04-24 07:34:07.0
 IP address: 10.0.2.251
CPU usage: 4.125%
Memory usage: 6.90671616E9MB
Disk usage: 57.26054200980789%

: at 2023-04-24 07:34:12.0
 IP address: 10.0.2.251
CPU usage: 3.75%
Memory usage: 6.86983168E9MB
Disk usage: 57.26054200980789%

: at 2023-04-24 07:34:17.0
 IP address: 10.0.2.251
CPU usage: 6.5%
Memory usage: 6.854238208E9MB
Disk usage: 57.26054200980789%

: at 2023-04-24 07:34:22.0
 IP address: 10.0.2.251
CPU usage: 6.0%
Memory usage: 6.841192448E9MB
Disk usage: 57.26054691620608%

: at 2023-04-24 07:34:27.0
 IP address: 10.0.2.251
CPU usage: 5.5%
Memory usage: 6.832054272E9MB
Disk usage: 57.26054691620608%

: at 2023-04-24 07:34:32.0
 IP address: 10.0.2.251
CPU usage: 6.0%
Memory usage: 6.835748864E9MB
Disk usage: 57.26055182260426%

: at 2023-04-24 07:34:37.0
 IP address: 10.0.2.251
CPU usage: 14.625%
Memory usage: 6.844289024E9MB
Disk usage: 57.26055672900245%

: at 2023-04-24 07:34:42.0
 IP address: 10.0.2.251
CPU usage: 13.375%
Memory usage: 6.834409472E9MB
Disk usage: 57.26056163540064%

: at 2023-04-24 07:34:47.0
 IP address: 10.0.2.251
CPU usage: 12.375%
Memory usage: 6.868475904E9MB
Disk usage: 57.2605763545952%

: at 2023-04-24 07:34:52.0
 IP address: 10.0.2.251
CPU usage: 11.375%
Memory usage: 6.850506752E9MB
Disk usage: 57.2605763545952%

: at 2023-04-24 07:34:57.0
 IP address: 10.0.2.251
CPU usage: 10.375%
Memory usage: 6.860750848E9MB
Disk usage: 57.26061069938253%

: at 2023-04-24 07:35:02.0
 IP address: 10.0.2.251
CPU usage: 9.625%
Memory usage: 6.851710976E9MB
Disk usage: 57.26061069938253%

: at 2023-04-24 07:35:07.0
 IP address: 10.0.2.251
CPU usage: 8.875%
Memory usage: 6.86481408E9MB
Disk usage: 57.26061560578072%

: at 2023-04-24 07:35:12.0
 IP address: 10.0.2.251
CPU usage: 8.125%
Memory usage: 6.889504768E9MB
Disk usage: 57.26061560578072%

: at 2023-04-24 07:35:17.0
 IP address: 10.0.2.251
CPU usage: 9.5%
Memory usage: 6.907899904E9MB
Disk usage: 57.260586167391594%

: at 2023-04-24 07:35:22.0
 IP address: 10.0.2.251
CPU usage: 8.75%
Memory usage: 6.850658304E9MB
Disk usage: 57.26059107378978%

: at 2023-04-24 07:35:28.0
 IP address: 10.0.2.251
CPU usage: 8.0%
Memory usage: 6.857867264E9MB
Disk usage: 57.26059107378978%

: at 2023-04-24 07:35:33.0
 IP address: 10.0.2.251
CPU usage: 8.375%
Memory usage: 6.873092096E9MB
Disk usage: 57.26061069938253%

: at 2023-04-24 07:35:38.0
 IP address: 10.0.2.251
CPU usage: 7.75%
Memory usage: 6.86329856E9MB
Disk usage: 57.26061560578072%

: at 2023-04-24 07:35:43.0
 IP address: 10.0.2.251
CPU usage: 7.124999999999999%
Memory usage: 6.835798016E9MB
Disk usage: 57.26061560578072%

: at 2023-04-24 07:35:48.0
 IP address: 10.0.2.251
CPU usage: 6.5%
Memory usage: 6.879391744E9MB
Disk usage: 57.2606205121789%

: at 2023-04-24 07:35:53.0
 IP address: 10.0.2.251
CPU usage: 6.0%
Memory usage: 6.848360448E9MB
Disk usage: 57.2606205121789%

: at 2023-04-24 07:35:58.0
 IP address: 10.0.2.251
CPU usage: 7.5%
Memory usage: 6.851907584E9MB
Disk usage: 57.26062541857709%

: at 2023-04-24 07:36:03.0
 IP address: 10.0.2.251
CPU usage: 6.875000000000001%
Memory usage: 6.855602176E9MB
Disk usage: 57.26062541857709%

: at 2023-04-24 07:36:08.0
 IP address: 10.0.2.251
CPU usage: 7.375%
Memory usage: 6.819733504E9MB
Disk usage: 57.260586167391594%

: at 2023-04-24 07:36:13.0
 IP address: 10.0.2.251
CPU usage: 6.75%
Memory usage: 6.82151936E9MB
Disk usage: 57.260586167391594%

: at 2023-04-24 07:36:18.0
 IP address: 10.0.2.251
CPU usage: 6.25%
Memory usage: 6.818402304E9MB
Disk usage: 57.260586167391594%

: at 2023-04-24 07:36:23.0
 IP address: 10.0.2.251
CPU usage: 5.75%
Memory usage: 6.830788608E9MB
Disk usage: 57.260586167391594%

: at 2023-04-24 07:36:28.0
 IP address: 10.0.2.251
CPU usage: 5.25%
Memory usage: 6.822531072E9MB
Disk usage: 57.260586167391594%

: at 2023-04-24 07:36:33.0
 IP address: 10.0.2.251
CPU usage: 4.875%
Memory usage: 6.817918976E9MB
Disk usage: 57.26059107378978%

: at 2023-04-24 07:36:38.0
 IP address: 10.0.2.251
CPU usage: 4.5%
Memory usage: 6.81566208E9MB
Disk usage: 57.260595980187965%

: at 2023-04-24 07:36:43.0
 IP address: 10.0.2.251
CPU usage: 4.125%
Memory usage: 6.82366976E9MB
Disk usage: 57.260595980187965%

: at 2023-04-24 07:36:48.0
 IP address: 10.0.2.251
CPU usage: 3.75%
Memory usage: 6.869168128E9MB
Disk usage: 57.260595980187965%

: at 2023-04-24 07:36:53.0
 IP address: 10.0.2.251
CPU usage: 5.5%
Memory usage: 6.850383872E9MB
Disk usage: 57.26061560578072%

: at 2023-04-24 07:36:58.0
 IP address: 10.0.2.251
CPU usage: 5.0%
Memory usage: 6.846726144E9MB
Disk usage: 57.260654856966234%

: at 2023-04-24 07:37:03.0
 IP address: 10.0.2.251
CPU usage: 9.625%
Memory usage: 6.90300928E9MB
Disk usage: 57.260728452939055%

: at 2023-04-24 07:37:08.0
 IP address: 10.0.2.251
CPU usage: 8.875%
Memory usage: 6.884933632E9MB
Disk usage: 57.26069410815173%

: at 2023-04-24 07:37:13.0
 IP address: 10.0.2.251
CPU usage: 8.125%
Memory usage: 6.861611008E9MB
Disk usage: 57.26069410815173%

: at 2023-04-24 07:37:18.0
 IP address: 10.0.2.251
CPU usage: 7.5%
Memory usage: 6.921207808E9MB
Disk usage: 57.26069410815173%

: at 2023-04-24 07:37:23.0
 IP address: 10.0.2.251
CPU usage: 8.875%
Memory usage: 6.860075008E9MB
Disk usage: 57.260669576160794%

: at 2023-04-24 07:37:28.0
 IP address: 10.0.2.251
CPU usage: 8.125%
Memory usage: 6.868762624E9MB
Disk usage: 57.26067448255898%

: at 2023-04-24 07:37:33.0
 IP address: 10.0.2.251
CPU usage: 8.5%
Memory usage: 6.881042432E9MB
Disk usage: 57.26068429535536%

: at 2023-04-24 07:37:38.0
 IP address: 10.0.2.251
CPU usage: 7.875%
Memory usage: 6.854586368E9MB
Disk usage: 57.26070392094811%

: at 2023-04-24 07:37:43.0
 IP address: 10.0.2.251
CPU usage: 7.249999999999999%
Memory usage: 6.835826688E9MB
Disk usage: 57.260654856966234%

: at 2023-04-24 07:37:48.0
 IP address: 10.0.2.251
CPU usage: 7.625%
Memory usage: 6.831190016E9MB
Disk usage: 57.260654856966234%

: at 2023-04-24 07:37:53.0
 IP address: 10.0.2.251
CPU usage: 7.000000000000001%
Memory usage: 6.833606656E9MB
Disk usage: 57.260659763364416%

: at 2023-04-24 07:37:58.0
 IP address: 10.0.2.251
CPU usage: 6.5%
Memory usage: 6.838222848E9MB
Disk usage: 57.260659763364416%

: at 2023-04-24 07:38:03.0
 IP address: 10.0.2.251
CPU usage: 5.875%
Memory usage: 6.841204736E9MB
Disk usage: 57.260669576160794%

: at 2023-04-24 07:38:08.0
 IP address: 10.0.2.251
CPU usage: 5.5%
Memory usage: 6.840819712E9MB
Disk usage: 57.260669576160794%

: at 2023-04-24 07:38:13.0
 IP address: 10.0.2.251
CPU usage: 8.0%
Memory usage: 6.852038656E9MB
Disk usage: 57.26068429535536%

: at 2023-04-24 07:38:18.0
 IP address: 10.0.2.251
CPU usage: 7.375%
Memory usage: 6.878838784E9MB
Disk usage: 57.26068920175354%

: at 2023-04-24 07:38:23.0
 IP address: 10.0.2.251
CPU usage: 6.75%
Memory usage: 6.886989824E9MB
Disk usage: 57.26068920175354%

: at 2023-04-24 07:38:28.0
 IP address: 10.0.2.251
CPU usage: 6.25%
Memory usage: 6.859169792E9MB
Disk usage: 57.26069901454992%

: at 2023-04-24 07:38:33.0
 IP address: 10.0.2.251
CPU usage: 5.75%
Memory usage: 6.818525184E9MB
Disk usage: 57.26070392094811%

: at 2023-04-24 07:38:38.0
 IP address: 10.0.2.251
CPU usage: 14.249999999999998%
Memory usage: 6.83964416E9MB
Disk usage: 57.26070392094811%

: at 2023-04-24 07:38:43.0
 IP address: 10.0.2.251
CPU usage: 13.125%
Memory usage: 6.817878016E9MB
Disk usage: 57.26070392094811%

: at 2023-04-24 07:38:48.0
 IP address: 10.0.2.251
CPU usage: 13.125%
Memory usage: 6.840909824E9MB
Disk usage: 57.26070392094811%

: at 2023-04-24 07:38:53.0
 IP address: 10.0.2.251
CPU usage: 12.0%
Memory usage: 6.84879872E9MB
Disk usage: 57.260713733744495%

: at 2023-04-24 07:38:58.0
 IP address: 10.0.2.251
CPU usage: 11.125%
Memory usage: 6.83958272E9MB
Disk usage: 57.260718640142684%

: at 2023-04-24 07:39:03.0
 IP address: 10.0.2.251
CPU usage: 10.125%
Memory usage: 6.844301312E9MB
Disk usage: 57.26072354654087%

: at 2023-04-24 07:39:08.0
 IP address: 10.0.2.251
CPU usage: 9.375%
Memory usage: 6.85084672E9MB
Disk usage: 57.26072354654087%

: at 2023-04-24 07:39:13.0
 IP address: 10.0.2.251
CPU usage: 9.625%
Memory usage: 6.849089536E9MB
Disk usage: 57.26072354654087%

: at 2023-04-24 07:39:18.0
 IP address: 10.0.2.251
CPU usage: 9.875%
Memory usage: 6.843838464E9MB
Disk usage: 57.26072354654087%

: at 2023-04-24 07:39:23.0
 IP address: 10.0.2.251
CPU usage: 9.0%
Memory usage: 6.884675584E9MB
Disk usage: 57.260733359337245%

: at 2023-04-24 07:39:28.0
 IP address: 10.0.2.251
CPU usage: 14.374999999999998%
Memory usage: 6.880096256E9MB
Disk usage: 57.260718640142684%

: at 2023-04-24 07:39:33.0
 IP address: 10.0.2.251
CPU usage: 13.25%
Memory usage: 6.86125056E9MB
Disk usage: 57.260718640142684%

: at 2023-04-24 07:39:39.0
 IP address: 10.0.2.251
CPU usage: 12.125%
Memory usage: 6.887194624E9MB
Disk usage: 57.26070392094811%

: at 2023-04-24 07:39:44.0
 IP address: 10.0.2.251
CPU usage: 11.125%
Memory usage: 6.91570688E9MB
Disk usage: 57.26074317213362%

: at 2023-04-24 07:39:49.0
 IP address: 10.0.2.251
CPU usage: 10.25%
Memory usage: 6.898782208E9MB
Disk usage: 57.260738265735434%

: at 2023-04-24 07:39:54.0
 IP address: 10.0.2.251
CPU usage: 9.375%
Memory usage: 6.876741632E9MB
Disk usage: 57.260738265735434%

: at 2023-04-24 07:39:59.0
 IP address: 10.0.2.251
CPU usage: 17.625%
Memory usage: 6.878572544E9MB
Disk usage: 57.26074317213362%

: at 2023-04-24 07:40:04.0
 IP address: 10.0.2.251
CPU usage: 16.25%
Memory usage: 6.868516864E9MB
Disk usage: 57.26074317213362%

: at 2023-04-24 07:40:09.0
 IP address: 10.0.2.251
CPU usage: 15.0%
Memory usage: 6.873567232E9MB
Disk usage: 57.26074317213362%

: at 2023-04-24 07:40:14.0
 IP address: 10.0.2.251
CPU usage: 13.750000000000002%
Memory usage: 6.924828672E9MB
Disk usage: 57.26074317213362%

: at 2023-04-24 07:40:19.0
 IP address: 10.0.2.251
CPU usage: 12.625%
Memory usage: 6.853107712E9MB
Disk usage: 57.26074317213362%

: at 2023-04-24 07:40:24.0
 IP address: 10.0.2.251
CPU usage: 11.625%
Memory usage: 6.851026944E9MB
Disk usage: 57.26074807853181%

: at 2023-04-24 07:40:29.0
 IP address: 10.0.2.251
CPU usage: 10.75%
Memory usage: 6.90552832E9MB
Disk usage: 57.26075789132818%

: at 2023-04-27 01:31:45.0
 IP address: 10.0.2.251
CPU usage: 31.0%
Memory usage: 3.696852992E9MB
Disk usage: 63.76413962627965%

: at 2023-04-27 01:31:50.0
 IP address: 10.0.2.251
CPU usage: 31.0%
Memory usage: 3.747565568E9MB
Disk usage: 63.76413962627965%

: at 2023-04-27 01:31:55.0
 IP address: 10.0.2.251
CPU usage: 28.499999999999996%
Memory usage: 3.759673344E9MB
Disk usage: 63.76414453267783%

: at 2023-04-27 01:32:00.0
 IP address: 10.0.2.251
CPU usage: 26.25%
Memory usage: 3.793788928E9MB
Disk usage: 63.76414453267783%

: at 2023-04-27 01:32:05.0
 IP address: 10.0.2.251
CPU usage: 25.124999999999996%
Memory usage: 3.780370432E9MB
Disk usage: 63.76414943907602%

: at 2023-04-27 01:32:11.0
 IP address: 10.0.2.251
CPU usage: 25.124999999999996%
Memory usage: 3.778613248E9MB
Disk usage: 63.76414943907602%

: at 2023-04-27 01:32:16.0
 IP address: 10.0.2.251
CPU usage: 24.125%
Memory usage: 3.778113536E9MB
Disk usage: 63.76414943907602%

: at 2023-04-27 01:32:21.0
 IP address: 10.0.2.251
CPU usage: 22.125%
Memory usage: 3.7792768E9MB
Disk usage: 63.76414943907602%

: at 2023-04-27 01:32:26.0
 IP address: 10.0.2.251
CPU usage: 20.375%
Memory usage: 3.786358784E9MB
Disk usage: 63.76414943907602%

: at 2023-04-27 01:32:31.0
 IP address: 10.0.2.251
CPU usage: 18.75%
Memory usage: 3.787739136E9MB
Disk usage: 63.76415434547421%

: at 2023-04-27 01:32:36.0
 IP address: 10.0.2.251
CPU usage: 18.25%
Memory usage: 3.790270464E9MB
Disk usage: 63.76415434547421%

: at 2023-04-27 01:32:41.0
 IP address: 10.0.2.251
CPU usage: 17.75%
Memory usage: 3.812261888E9MB
Disk usage: 63.76415434547421%

: at 2023-04-27 01:32:46.0
 IP address: 10.0.2.251
CPU usage: 16.375%
Memory usage: 3.814076416E9MB
Disk usage: 63.7641592518724%

: at 2023-04-27 01:32:51.0
 IP address: 10.0.2.251
CPU usage: 16.0%
Memory usage: 3.80141568E9MB
Disk usage: 63.7641592518724%

: at 2023-04-27 01:32:56.0
 IP address: 10.0.2.251
CPU usage: 15.75%
Memory usage: 3.800907776E9MB
Disk usage: 63.7641592518724%

: at 2023-04-27 01:33:01.0
 IP address: 10.0.2.251
CPU usage: 16.5%
Memory usage: 3.816239104E9MB
Disk usage: 63.764164158270596%

: at 2023-04-27 01:33:06.0
 IP address: 10.0.2.251
CPU usage: 16.125%
Memory usage: 3.807014912E9MB
Disk usage: 63.764164158270596%

: at 2023-04-27 01:33:11.0
 IP address: 10.0.2.251
CPU usage: 15.875%
Memory usage: 3.818463232E9MB
Disk usage: 63.764164158270596%

: at 2023-04-27 01:33:16.0
 IP address: 10.0.2.251
CPU usage: 15.625%
Memory usage: 3.80966912E9MB
Disk usage: 63.764164158270596%

: at 2023-04-27 01:33:21.0
 IP address: 10.0.2.251
CPU usage: 14.374999999999998%
Memory usage: 3.80792832E9MB
Disk usage: 63.764164158270596%

: at 2023-04-27 01:33:26.0
 IP address: 10.0.2.251
CPU usage: 14.124999999999998%
Memory usage: 3.81130752E9MB
Disk usage: 63.764164158270596%

: at 2023-04-27 01:33:32.0
 IP address: 10.0.2.251
CPU usage: 14.000000000000002%
Memory usage: 3.83563776E9MB
Disk usage: 63.764169064668785%

: at 2023-04-27 01:33:37.0
 IP address: 10.0.2.251
CPU usage: 13.875000000000002%
Memory usage: 3.83635456E9MB
Disk usage: 63.764169064668785%

: at 2023-04-27 01:33:42.0
 IP address: 10.0.2.251
CPU usage: 13.750000000000002%
Memory usage: 3.8751232E9MB
Disk usage: 63.764173971066974%

: at 2023-04-27 01:33:47.0
 IP address: 10.0.2.251
CPU usage: 24.75%
Memory usage: 3.938992128E9MB
Disk usage: 63.764173971066974%

: at 2023-04-27 01:33:52.0
 IP address: 10.0.2.251
CPU usage: 24.75%
Memory usage: 3.931467776E9MB
Disk usage: 63.76417887746516%

: at 2023-04-27 01:33:57.0
 IP address: 10.0.2.251
CPU usage: 24.75%
Memory usage: 3.918954496E9MB
Disk usage: 63.764183783863345%

: at 2023-04-27 01:34:02.0
 IP address: 10.0.2.251
CPU usage: 23.75%
Memory usage: 3.938172928E9MB
Disk usage: 63.764183783863345%

: at 2023-04-27 01:34:07.0
 IP address: 10.0.2.251
CPU usage: 21.875%
Memory usage: 3.93150464E9MB
Disk usage: 63.764183783863345%

: at 2023-04-27 01:34:12.0
 IP address: 10.0.2.251
CPU usage: 20.125%
Memory usage: 3.93150464E9MB
Disk usage: 63.764183783863345%

: at 2023-04-27 01:34:17.0
 IP address: 10.0.2.251
CPU usage: 18.5%
Memory usage: 3.935166464E9MB
Disk usage: 63.764183783863345%

: at 2023-04-27 01:34:22.0
 IP address: 10.0.2.251
CPU usage: 18.0%
Memory usage: 3.949355008E9MB
Disk usage: 63.764188690261534%

: at 2023-04-27 01:34:27.0
 IP address: 10.0.2.251
CPU usage: 16.625%
Memory usage: 3.935522816E9MB
Disk usage: 63.76419359665972%

: at 2023-04-27 01:34:32.0
 IP address: 10.0.2.251
CPU usage: 15.25%
Memory usage: 3.937030144E9MB
Disk usage: 63.76419359665972%

: at 2023-04-27 01:34:37.0
 IP address: 10.0.2.251
CPU usage: 14.000000000000002%
Memory usage: 3.934208E9MB
Disk usage: 63.76419359665972%

: at 2023-04-27 01:34:42.0
 IP address: 10.0.2.251
CPU usage: 12.875%
Memory usage: 3.934183424E9MB
Disk usage: 63.76419850305791%

: at 2023-04-27 01:34:47.0
 IP address: 10.0.2.251
CPU usage: 12.875%
Memory usage: 3.956740096E9MB
Disk usage: 63.76419850305791%

: at 2023-04-27 01:34:52.0
 IP address: 10.0.2.251
CPU usage: 11.875%
Memory usage: 3.931660288E9MB
Disk usage: 63.7642034094561%

: at 2023-04-27 01:34:57.0
 IP address: 10.0.2.251
CPU usage: 10.875%
Memory usage: 3.931652096E9MB
Disk usage: 63.7642034094561%

: at 2023-04-27 01:35:02.0
 IP address: 10.0.2.251
CPU usage: 10.0%
Memory usage: 3.94571776E9MB
Disk usage: 63.7642034094561%

: at 2023-04-27 01:35:08.0
 IP address: 10.0.2.251
CPU usage: 9.25%
Memory usage: 3.953881088E9MB
Disk usage: 63.76422794144705%

: at 2023-04-27 01:35:13.0
 IP address: 10.0.2.251
CPU usage: 8.5%
Memory usage: 3.9435264E9MB
Disk usage: 63.76422794144705%

: at 2023-04-27 01:35:18.0
 IP address: 10.0.2.251
CPU usage: 7.75%
Memory usage: 3.957153792E9MB
Disk usage: 63.76422794144705%

: at 2023-04-27 01:35:23.0
 IP address: 10.0.2.251
CPU usage: 7.124999999999999%
Memory usage: 3.941097472E9MB
Disk usage: 63.764232847845236%

: at 2023-04-27 01:35:28.0
 IP address: 10.0.2.251
CPU usage: 6.625%
Memory usage: 3.953741824E9MB
Disk usage: 63.764232847845236%

: at 2023-04-27 01:35:33.0
 IP address: 10.0.2.251
CPU usage: 8.0%
Memory usage: 3.955888128E9MB
Disk usage: 63.764232847845236%

: at 2023-04-27 01:35:38.0
 IP address: 10.0.2.251
CPU usage: 9.375%
Memory usage: 3.959205888E9MB
Disk usage: 63.76421322225247%

: at 2023-04-27 01:35:43.0
 IP address: 10.0.2.251
CPU usage: 8.625%
Memory usage: 3.954536448E9MB
Disk usage: 63.76422303504885%

: at 2023-04-27 01:35:48.0
 IP address: 10.0.2.251
CPU usage: 16.0%
Memory usage: 3.95565056E9MB
Disk usage: 63.76426228623436%

: at 2023-04-27 01:35:53.0
 IP address: 10.0.2.251
CPU usage: 14.75%
Memory usage: 3.946426368E9MB
Disk usage: 63.764301537419875%

: at 2023-04-27 01:35:58.0
 IP address: 10.0.2.251
CPU usage: 16.5%
Memory usage: 3.974258688E9MB
Disk usage: 63.76434078860538%

: at 2023-04-27 01:36:03.0
 IP address: 10.0.2.251
CPU usage: 19.25%
Memory usage: 3.969912832E9MB
Disk usage: 63.764330975809%

: at 2023-04-27 01:36:08.0
 IP address: 10.0.2.251
CPU usage: 17.625%
Memory usage: 4.018274304E9MB
Disk usage: 63.764330975809%

: at 2023-04-27 01:36:13.0
 IP address: 10.0.2.251
CPU usage: 16.25%
Memory usage: 3.969765376E9MB
Disk usage: 63.764291724623504%

: at 2023-04-27 01:36:18.0
 IP address: 10.0.2.251
CPU usage: 19.0%
Memory usage: 4.063776768E9MB
Disk usage: 63.764330975809%

: at 2023-04-27 01:36:23.0
 IP address: 10.0.2.251
CPU usage: 17.375%
Memory usage: 4.007092224E9MB
Disk usage: 63.764330975809%

: at 2023-04-27 01:36:28.0
 IP address: 10.0.2.251
CPU usage: 16.0%
Memory usage: 3.972612096E9MB
Disk usage: 63.764291724623504%

: at 2023-04-27 01:36:33.0
 IP address: 10.0.2.251
CPU usage: 14.75%
Memory usage: 3.985473536E9MB
Disk usage: 63.764296631021686%

: at 2023-04-27 01:36:38.0
 IP address: 10.0.2.251
CPU usage: 13.625000000000002%
Memory usage: 3.97201408E9MB
Disk usage: 63.764296631021686%

: at 2023-04-27 01:36:43.0
 IP address: 10.0.2.251
CPU usage: 13.5%
Memory usage: 3.964166144E9MB
Disk usage: 63.764301537419875%

: at 2023-04-28 03:00:42.0
 IP address: 10.0.2.251
CPU usage: 5.5%
Memory usage: 1.530763264E10MB
Disk usage: 72.82941680097932%

: at 2023-04-28 03:00:47.0
 IP address: 10.0.2.251
CPU usage: 10.0%
Memory usage: 1.5288475648E10MB
Disk usage: 72.83226741832686%

: at 2023-04-28 03:00:52.0
 IP address: 10.0.2.251
CPU usage: 9.25%
Memory usage: 1.5239974912E10MB
Disk usage: 72.83561358189147%

: at 2023-04-28 03:00:57.0
 IP address: 10.0.2.251
CPU usage: 8.5%
Memory usage: 1.5225667584E10MB
Disk usage: 72.83789015065095%

: at 2023-04-28 03:01:02.0
 IP address: 10.0.2.251
CPU usage: 8.875%
Memory usage: 1.5223181312E10MB
Disk usage: 72.84014709381769%

: at 2023-04-28 03:01:07.0
 IP address: 10.0.2.251
CPU usage: 8.125%
Memory usage: 1.5226454016E10MB
Disk usage: 72.84543619106496%

: at 2023-04-28 03:01:12.0
 IP address: 10.0.2.251
CPU usage: 8.5%
Memory usage: 1.5258886144E10MB
Disk usage: 72.87099852562734%

: at 2023-04-28 03:01:17.0
 IP address: 10.0.2.251
CPU usage: 7.75%
Memory usage: 1.5262773248E10MB
Disk usage: 72.87341247353612%

: at 2023-04-28 03:01:22.0
 IP address: 10.0.2.251
CPU usage: 7.124999999999999%
Memory usage: 1.5267659776E10MB
Disk usage: 72.87592454940865%

: at 2023-04-28 03:01:27.0
 IP address: 10.0.2.251
CPU usage: 6.625%
Memory usage: 1.5277166592E10MB
Disk usage: 72.87835812291019%

: at 2023-04-28 03:01:32.0
 IP address: 10.0.2.251
CPU usage: 7.000000000000001%
Memory usage: 1.5279239168E10MB
Disk usage: 72.88038446536206%

: at 2023-04-28 03:01:37.0
 IP address: 10.0.2.251
CPU usage: 6.5%
Memory usage: 1.5281328128E10MB
Disk usage: 72.88254328056502%

: at 2023-04-28 03:01:42.0
 IP address: 10.0.2.251
CPU usage: 6.0%
Memory usage: 1.527345152E10MB
Disk usage: 72.88526633155968%

: at 2023-04-28 03:01:48.0
 IP address: 10.0.2.251
CPU usage: 5.5%
Memory usage: 1.5277715456E10MB
Disk usage: 72.88703263490756%

: at 2023-04-28 03:01:53.0
 IP address: 10.0.2.251
CPU usage: 5.0%
Memory usage: 1.528471552E10MB
Disk usage: 72.88921598210146%

: at 2023-04-28 03:01:58.0
 IP address: 10.0.2.251
CPU usage: 5.625%
Memory usage: 1.530034176E10MB
Disk usage: 72.89115891578413%

: at 2023-04-28 03:02:03.0
 IP address: 10.0.2.251
CPU usage: 5.125%
Memory usage: 1.5326076928E10MB
Disk usage: 72.89249345609142%

: at 2023-04-28 03:02:08.0
 IP address: 10.0.2.251
CPU usage: 4.75%
Memory usage: 1.5300706304E10MB
Disk usage: 72.8924983624896%

: at 2023-04-28 03:02:13.0
 IP address: 10.0.2.251
CPU usage: 4.375%
Memory usage: 1.5302221824E10MB
Disk usage: 72.8924983624896%

: at 2023-04-28 03:02:18.0
 IP address: 10.0.2.251
CPU usage: 4.0%
Memory usage: 1.5304052736E10MB
Disk usage: 72.89253761367512%

: at 2023-04-28 03:02:23.0
 IP address: 10.0.2.251
CPU usage: 3.75%
Memory usage: 1.530998784E10MB
Disk usage: 72.89253761367512%

: at 2023-04-28 03:02:28.0
 IP address: 10.0.2.251
CPU usage: 3.375%
Memory usage: 1.5322148864E10MB
Disk usage: 72.89253761367512%

: at 2023-04-28 03:02:33.0
 IP address: 10.0.2.251
CPU usage: 3.125%
Memory usage: 1.5328108544E10MB
Disk usage: 72.8925425200733%

: at 2023-04-28 03:02:38.0
 IP address: 10.0.2.251
CPU usage: 2.875%
Memory usage: 1.5329316864E10MB
Disk usage: 72.89256705206425%

: at 2023-04-28 03:02:43.0
 IP address: 10.0.2.251
CPU usage: 2.625%
Memory usage: 1.532725248E10MB
Disk usage: 72.89257195846244%

: at 2023-04-28 03:02:48.0
 IP address: 10.0.2.251
CPU usage: 2.375%
Memory usage: 1.5316774912E10MB
Disk usage: 72.89253270727693%

: at 2023-04-28 03:02:53.0
 IP address: 10.0.2.251
CPU usage: 2.25%
Memory usage: 1.5320203264E10MB
Disk usage: 72.89253270727693%

: at 2023-04-28 03:02:58.0
 IP address: 10.0.2.251
CPU usage: 3.0%
Memory usage: 1.5337013248E10MB
Disk usage: 72.89253270727693%

: at 2023-04-28 03:03:03.0
 IP address: 10.0.2.251
CPU usage: 2.75%
Memory usage: 1.5327834112E10MB
Disk usage: 72.89253270727693%

: at 2023-04-28 03:03:08.0
 IP address: 10.0.2.251
CPU usage: 2.625%
Memory usage: 1.5329898496E10MB
Disk usage: 72.89253761367512%

: at 2023-04-28 03:03:13.0
 IP address: 10.0.2.251
CPU usage: 2.375%
Memory usage: 1.5322693632E10MB
Disk usage: 72.89253761367512%

: at 2023-04-28 03:03:18.0
 IP address: 10.0.2.251
CPU usage: 2.125%
Memory usage: 1.5324844032E10MB
Disk usage: 72.89253761367512%

: at 2023-04-28 03:03:23.0
 IP address: 10.0.2.251
CPU usage: 3.0%
Memory usage: 1.534142464E10MB
Disk usage: 72.89253761367512%

: at 2023-04-28 03:03:28.0
 IP address: 10.0.2.251
CPU usage: 2.75%
Memory usage: 1.534324736E10MB
Disk usage: 72.89253761367512%

: at 2023-04-28 03:03:33.0
 IP address: 10.0.2.251
CPU usage: 2.5%
Memory usage: 1.5345205248E10MB
Disk usage: 72.89271424400991%

: at 2023-04-28 03:03:38.0
 IP address: 10.0.2.251
CPU usage: 2.375%
Memory usage: 1.5331749888E10MB
Disk usage: 72.89272405680627%

: at 2023-04-28 03:03:43.0
 IP address: 10.0.2.251
CPU usage: 4.125%
Memory usage: 1.5335952384E10MB
Disk usage: 72.89272405680627%

: at 2023-04-28 03:03:48.0
 IP address: 10.0.2.251
CPU usage: 3.875%
Memory usage: 1.5370715136E10MB
Disk usage: 72.89299390870664%

: at 2023-04-28 03:03:53.0
 IP address: 10.0.2.251
CPU usage: 4.5%
Memory usage: 1.5376293888E10MB
Disk usage: 72.89299390870664%

: at 2023-04-28 03:03:58.0
 IP address: 10.0.2.251
CPU usage: 4.125%
Memory usage: 1.537409024E10MB
Disk usage: 72.89306750467948%

: at 2023-04-28 03:04:03.0
 IP address: 10.0.2.251
CPU usage: 3.75%
Memory usage: 1.5377641472E10MB
Disk usage: 72.89332263738528%

: at 2023-04-28 03:04:08.0
 IP address: 10.0.2.251
CPU usage: 3.5000000000000004%
Memory usage: 1.5383310336E10MB
Disk usage: 72.89332263738528%

: at 2023-04-28 03:04:13.0
 IP address: 10.0.2.251
CPU usage: 5.25%
Memory usage: 1.5380803584E10MB
Disk usage: 72.89332263738528%

: at 2023-04-28 03:04:18.0
 IP address: 10.0.2.251
CPU usage: 5.875%
Memory usage: 1.5389085696E10MB
Disk usage: 72.89359739568384%

: at 2023-04-28 03:04:23.0
 IP address: 10.0.2.251
CPU usage: 5.375%
Memory usage: 1.5392841728E10MB
Disk usage: 72.89378383881501%

: at 2023-04-28 03:04:28.0
 IP address: 10.0.2.251
CPU usage: 4.875%
Memory usage: 1.5393210368E10MB
Disk usage: 72.8937887452132%

: at 2023-04-28 03:04:33.0
 IP address: 10.0.2.251
CPU usage: 4.5%
Memory usage: 1.5374618624E10MB
Disk usage: 72.8937887452132%

: at 2023-04-28 03:04:38.0
 IP address: 10.0.2.251
CPU usage: 5.125%
Memory usage: 1.537732608E10MB
Disk usage: 72.89380346440775%

: at 2023-04-28 03:04:43.0
 IP address: 10.0.2.251
CPU usage: 5.75%
Memory usage: 1.53776128E10MB
Disk usage: 72.89380346440775%

: at 2023-04-28 03:04:48.0
 IP address: 10.0.2.251
CPU usage: 6.25%
Memory usage: 1.5384215552E10MB
Disk usage: 72.89380346440775%

: at 2023-04-28 03:04:53.0
 IP address: 10.0.2.251
CPU usage: 6.75%
Memory usage: 1.5387725824E10MB
Disk usage: 72.8938329027969%

: at 2023-04-28 03:04:58.0
 IP address: 10.0.2.251
CPU usage: 7.249999999999999%
Memory usage: 1.5392579584E10MB
Disk usage: 72.89383780919508%

: at 2023-04-28 03:05:03.0
 IP address: 10.0.2.251
CPU usage: 6.625%
Memory usage: 1.5371259904E10MB
Disk usage: 72.89383780919508%

: at 2023-04-28 03:05:08.0
 IP address: 10.0.2.251
CPU usage: 13.125%
Memory usage: 1.5365357568E10MB
Disk usage: 72.89383780919508%

: at 2023-04-28 03:05:13.0
 IP address: 10.0.2.251
CPU usage: 13.125%
Memory usage: 1.5371808768E10MB
Disk usage: 72.89383780919508%

: at 2023-04-28 03:05:18.0
 IP address: 10.0.2.251
CPU usage: 13.0%
Memory usage: 1.5373099008E10MB
Disk usage: 72.89383780919508%

: at 2023-04-28 03:05:24.0
 IP address: 10.0.2.251
CPU usage: 12.0%
Memory usage: 1.5380471808E10MB
Disk usage: 72.89389668597335%

: at 2023-04-28 03:05:29.0
 IP address: 10.0.2.251
CPU usage: 14.000000000000002%
Memory usage: 1.5369592832E10MB
Disk usage: 72.89399481393711%

: at 2023-04-28 03:05:34.0
 IP address: 10.0.2.251
CPU usage: 12.875%
Memory usage: 1.5335919616E10MB
Disk usage: 72.89400462673349%

: at 2023-04-28 03:05:39.0
 IP address: 10.0.2.251
CPU usage: 12.875%
Memory usage: 1.5338713088E10MB
Disk usage: 72.89405859711357%

: at 2023-04-28 03:05:44.0
 IP address: 10.0.2.251
CPU usage: 11.875%
Memory usage: 1.5389048832E10MB
Disk usage: 72.89405369071538%

: at 2023-04-28 03:05:49.0
 IP address: 10.0.2.251
CPU usage: 10.875%
Memory usage: 1.5376437248E10MB
Disk usage: 72.89405859711357%

: at 2023-04-28 03:05:54.0
 IP address: 10.0.2.251
CPU usage: 10.0%
Memory usage: 1.5366406144E10MB
Disk usage: 72.89406350351175%

: at 2023-04-28 03:05:59.0
 IP address: 10.0.2.251
CPU usage: 9.25%
Memory usage: 1.537875968E10MB
Disk usage: 72.89406350351175%

: at 2023-04-28 03:06:04.0
 IP address: 10.0.2.251
CPU usage: 8.5%
Memory usage: 1.5378542592E10MB
Disk usage: 72.89406350351175%

: at 2023-04-28 03:06:09.0
 IP address: 10.0.2.251
CPU usage: 7.75%
Memory usage: 1.5372214272E10MB
Disk usage: 72.89406350351175%

: at 2023-04-28 03:06:14.0
 IP address: 10.0.2.251
CPU usage: 7.124999999999999%
Memory usage: 1.5371558912E10MB
Disk usage: 72.89406350351175%

: at 2023-04-28 03:06:19.0
 IP address: 10.0.2.251
CPU usage: 6.625%
Memory usage: 1.5386206208E10MB
Disk usage: 72.89407331630812%

: at 2023-04-28 03:06:24.0
 IP address: 10.0.2.251
CPU usage: 6.0%
Memory usage: 1.5403937792E10MB
Disk usage: 72.89407331630812%

: at 2023-04-28 03:06:29.0
 IP address: 10.0.2.251
CPU usage: 5.5%
Memory usage: 1.5376515072E10MB
Disk usage: 72.89407331630812%

: at 2023-04-28 03:06:34.0
 IP address: 10.0.2.251
CPU usage: 5.125%
Memory usage: 1.5369719808E10MB
Disk usage: 72.89407822270631%

: at 2023-04-28 03:06:39.0
 IP address: 10.0.2.251
CPU usage: 5.75%
Memory usage: 1.5386484736E10MB
Disk usage: 72.8940831291045%

: at 2023-04-28 03:06:44.0
 IP address: 10.0.2.251
CPU usage: 6.25%
Memory usage: 1.5375396864E10MB
Disk usage: 72.8940880355027%

: at 2023-04-28 03:06:49.0
 IP address: 10.0.2.251
CPU usage: 5.75%
Memory usage: 1.5376945152E10MB
Disk usage: 72.8940880355027%

: at 2023-04-28 03:06:54.0
 IP address: 10.0.2.251
CPU usage: 5.25%
Memory usage: 1.5386812416E10MB
Disk usage: 72.8940880355027%

: at 2023-04-28 03:06:59.0
 IP address: 10.0.2.251
CPU usage: 4.875%
Memory usage: 1.5373692928E10MB
Disk usage: 72.8940880355027%

: at 2023-04-28 03:07:04.0
 IP address: 10.0.2.251
CPU usage: 4.5%
Memory usage: 1.536561152E10MB
Disk usage: 72.8940880355027%

: at 2023-04-28 03:07:09.0
 IP address: 10.0.2.251
CPU usage: 4.125%
Memory usage: 1.5355031552E10MB
Disk usage: 72.8940880355027%

: at 2023-04-28 03:07:14.0
 IP address: 10.0.2.251
CPU usage: 3.75%
Memory usage: 1.535555584E10MB
Disk usage: 72.8940929419009%

: at 2023-04-28 03:07:19.0
 IP address: 10.0.2.251
CPU usage: 3.5000000000000004%
Memory usage: 1.5358152704E10MB
Disk usage: 72.8940929419009%

: at 2023-04-28 03:07:24.0
 IP address: 10.0.2.251
CPU usage: 3.25%
Memory usage: 1.535995904E10MB
Disk usage: 72.8940929419009%

: at 2023-04-28 03:07:29.0
 IP address: 10.0.2.251
CPU usage: 2.875%
Memory usage: 1.535840256E10MB
Disk usage: 72.8940929419009%

: at 2023-04-28 03:07:34.0
 IP address: 10.0.2.251
CPU usage: 2.75%
Memory usage: 1.5361757184E10MB
Disk usage: 72.89409784829908%

: at 2023-04-28 03:07:39.0
 IP address: 10.0.2.251
CPU usage: 4.5%
Memory usage: 1.5362564096E10MB
Disk usage: 72.89410275469727%

: at 2023-04-28 03:07:44.0
 IP address: 10.0.2.251
CPU usage: 4.125%
Memory usage: 1.5362813952E10MB
Disk usage: 72.89410766109545%

: at 2023-04-28 03:07:49.0
 IP address: 10.0.2.251
CPU usage: 3.75%
Memory usage: 1.5364104192E10MB
Disk usage: 72.89410766109545%

: at 2023-04-28 03:07:54.0
 IP address: 10.0.2.251
CPU usage: 3.5000000000000004%
Memory usage: 1.5366426624E10MB
Disk usage: 72.89410766109545%

: at 2023-04-28 03:07:59.0
 IP address: 10.0.2.251
CPU usage: 3.25%
Memory usage: 1.537513472E10MB
Disk usage: 72.89410766109545%

: at 2023-04-28 03:08:04.0
 IP address: 10.0.2.251
CPU usage: 3.0%
Memory usage: 1.5365070848E10MB
Disk usage: 72.89410766109545%

: at 2023-04-28 03:08:09.0
 IP address: 10.0.2.251
CPU usage: 2.75%
Memory usage: 1.5363272704E10MB
Disk usage: 72.89411256749364%

: at 2023-04-28 03:08:14.0
 IP address: 10.0.2.251
CPU usage: 2.5%
Memory usage: 1.5364653056E10MB
Disk usage: 72.89411256749364%

: at 2023-04-28 03:08:19.0
 IP address: 10.0.2.251
CPU usage: 2.25%
Memory usage: 1.5366893568E10MB
Disk usage: 72.89411256749364%

: at 2023-04-28 03:08:24.0
 IP address: 10.0.2.251
CPU usage: 2.125%
Memory usage: 1.5367401472E10MB
Disk usage: 72.89411256749364%

: at 2023-04-28 03:08:29.0
 IP address: 10.0.2.251
CPU usage: 1.875%
Memory usage: 1.5365369856E10MB
Disk usage: 72.89411256749364%

: at 2023-04-28 03:08:34.0
 IP address: 10.0.2.251
CPU usage: 1.7500000000000002%
Memory usage: 1.5365885952E10MB
Disk usage: 72.89411747389182%

: at 2023-04-28 03:08:39.0
 IP address: 10.0.2.251
CPU usage: 1.625%
Memory usage: 1.5368982528E10MB
Disk usage: 72.89413709948458%

: at 2023-04-28 03:08:44.0
 IP address: 10.0.2.251
CPU usage: 1.5%
Memory usage: 1.537130496E10MB
Disk usage: 72.89415181867915%

: at 2023-04-28 03:08:49.0
 IP address: 10.0.2.251
CPU usage: 1.375%
Memory usage: 1.537232896E10MB
Disk usage: 72.89415181867915%

: at 2023-04-28 03:08:54.0
 IP address: 10.0.2.251
CPU usage: 1.25%
Memory usage: 1.5383965696E10MB
Disk usage: 72.89415672507734%

: at 2023-04-28 03:08:59.0
 IP address: 10.0.2.251
CPU usage: 1.125%
Memory usage: 1.5387992064E10MB
Disk usage: 72.89416163147553%

: at 2023-04-28 03:09:04.0
 IP address: 10.0.2.251
CPU usage: 1.0%
Memory usage: 1.5381958656E10MB
Disk usage: 72.89416653787372%

: at 2023-04-28 03:09:10.0
 IP address: 10.0.2.251
CPU usage: 1.0%
Memory usage: 1.5380660224E10MB
Disk usage: 72.89416653787372%

: at 2023-04-28 03:09:15.0
 IP address: 10.0.2.251
CPU usage: 0.8750000000000001%
Memory usage: 1.538015232E10MB
Disk usage: 72.89416653787372%

: at 2023-04-28 03:09:20.0
 IP address: 10.0.2.251
CPU usage: 0.8750000000000001%
Memory usage: 1.5377047552E10MB
Disk usage: 72.89416653787372%

: at 2023-04-28 03:09:25.0
 IP address: 10.0.2.251
CPU usage: 0.75%
Memory usage: 1.5379111936E10MB
Disk usage: 72.89416653787372%

: at 2023-04-28 03:09:30.0
 IP address: 10.0.2.251
CPU usage: 2.75%
Memory usage: 1.5370887168E10MB
Disk usage: 72.8941714442719%

: at 2023-04-28 03:09:35.0
 IP address: 10.0.2.251
CPU usage: 2.5%
Memory usage: 1.5374733312E10MB
Disk usage: 72.8941763506701%

: at 2023-04-28 03:09:40.0
 IP address: 10.0.2.251
CPU usage: 2.25%
Memory usage: 1.5375024128E10MB
Disk usage: 72.8941763506701%

: at 2023-04-28 03:09:45.0
 IP address: 10.0.2.251
CPU usage: 2.125%
Memory usage: 1.5375273984E10MB
Disk usage: 72.8941763506701%

: at 2023-04-28 03:09:50.0
 IP address: 10.0.2.251
CPU usage: 1.875%
Memory usage: 1.5378628608E10MB
Disk usage: 72.8941763506701%

: at 2023-04-28 03:09:55.0
 IP address: 10.0.2.251
CPU usage: 1.7500000000000002%
Memory usage: 1.5377047552E10MB
Disk usage: 72.89418125706828%

: at 2023-04-28 03:10:00.0
 IP address: 10.0.2.251
CPU usage: 1.625%
Memory usage: 1.5377764352E10MB
Disk usage: 72.89418125706828%

: at 2023-04-24 06:28:21.0
 IP address: 10.0.2.251
CPU usage: 3.375%
Memory usage: 6.660386816E9MB
Disk usage: 57.25897686878574%

: at 2023-04-24 06:28:26.0
 IP address: 10.0.2.251
CPU usage: 4.125%
Memory usage: 6.71410176E9MB
Disk usage: 57.25897686878574%

: at 2023-04-24 06:28:31.0
 IP address: 10.0.2.251
CPU usage: 3.75%
Memory usage: 6.7024896E9MB
Disk usage: 57.25901611997125%

: at 2023-04-24 06:28:36.0
 IP address: 10.0.2.251
CPU usage: 3.375%
Memory usage: 6.704852992E9MB
Disk usage: 57.25902593276763%

: at 2023-04-24 06:28:41.0
 IP address: 10.0.2.251
CPU usage: 3.125%
Memory usage: 6.709506048E9MB
Disk usage: 57.25902593276763%

: at 2023-04-24 06:28:46.0
 IP address: 10.0.2.251
CPU usage: 3.875%
Memory usage: 6.7126272E9MB
Disk usage: 57.25903083916582%

: at 2023-04-24 06:28:51.0
 IP address: 10.0.2.251
CPU usage: 3.6249999999999996%
Memory usage: 6.718128128E9MB
Disk usage: 57.25903083916582%

: at 2023-04-24 06:28:56.0
 IP address: 10.0.2.251
CPU usage: 3.25%
Memory usage: 6.703079424E9MB
Disk usage: 57.258991587980304%

: at 2023-04-24 06:29:01.0
 IP address: 10.0.2.251
CPU usage: 3.0%
Memory usage: 6.704553984E9MB
Disk usage: 57.258991587980304%

: at 2023-04-24 06:29:06.0
 IP address: 10.0.2.251
CPU usage: 2.75%
Memory usage: 6.702555136E9MB
Disk usage: 57.258996494378486%

: at 2023-04-24 06:29:11.0
 IP address: 10.0.2.251
CPU usage: 2.5%
Memory usage: 6.699515904E9MB
Disk usage: 57.258996494378486%

: at 2023-04-24 06:29:16.0
 IP address: 10.0.2.251
CPU usage: 2.375%
Memory usage: 6.699798528E9MB
Disk usage: 57.258996494378486%

: at 2023-04-24 06:29:22.0
 IP address: 10.0.2.251
CPU usage: 2.125%
Memory usage: 6.713458688E9MB
Disk usage: 57.258996494378486%

: at 2023-04-24 06:29:27.0
 IP address: 10.0.2.251
CPU usage: 2.0%
Memory usage: 6.703804416E9MB
Disk usage: 57.258996494378486%

: at 2023-04-24 06:29:32.0
 IP address: 10.0.2.251
CPU usage: 1.875%
Memory usage: 6.678831104E9MB
Disk usage: 57.25896705598936%

: at 2023-04-24 06:29:37.0
 IP address: 10.0.2.251
CPU usage: 1.625%
Memory usage: 6.67987968E9MB
Disk usage: 57.25897196238755%

: at 2023-04-24 06:29:42.0
 IP address: 10.0.2.251
CPU usage: 1.5%
Memory usage: 6.684782592E9MB
Disk usage: 57.25897196238755%

: at 2023-04-24 06:29:47.0
 IP address: 10.0.2.251
CPU usage: 1.375%
Memory usage: 6.682476544E9MB
Disk usage: 57.25897686878574%

: at 2023-04-24 06:29:52.0
 IP address: 10.0.2.251
CPU usage: 1.25%
Memory usage: 6.68356608E9MB
Disk usage: 57.25897686878574%

: at 2023-04-24 06:29:57.0
 IP address: 10.0.2.251
CPU usage: 1.25%
Memory usage: 6.68465152E9MB
Disk usage: 57.25897686878574%

: at 2023-04-24 06:30:02.0
 IP address: 10.0.2.251
CPU usage: 1.125%
Memory usage: 6.682902528E9MB
Disk usage: 57.25897686878574%

: at 2023-04-24 06:30:07.0
 IP address: 10.0.2.251
CPU usage: 4.0%
Memory usage: 6.721400832E9MB
Disk usage: 57.258981775183926%

: at 2023-04-24 06:30:34.0
 IP address: 10.0.2.251
CPU usage: 3.125%
Memory usage: 6.627557376E9MB
Disk usage: 57.258981775183926%

: at 2023-04-24 06:30:39.0
 IP address: 10.0.2.251
CPU usage: 2.875%
Memory usage: 6.663774208E9MB
Disk usage: 57.258981775183926%

: at 2023-04-24 06:30:56.0
 IP address: 10.0.2.251
CPU usage: 3.25%
Memory usage: 6.6512896E9MB
Disk usage: 57.258981775183926%

: at 2023-04-24 07:32:16.0
 IP address: 10.0.2.251
CPU usage: 2.5%
Memory usage: 6.764322816E9MB
Disk usage: 57.260463507436874%

: at 2023-04-24 07:32:22.0
 IP address: 10.0.2.251
CPU usage: 2.25%
Memory usage: 6.829522944E9MB
Disk usage: 57.26049785222419%

: at 2023-04-24 07:32:27.0
 IP address: 10.0.2.251
CPU usage: 3.125%
Memory usage: 6.822354944E9MB
Disk usage: 57.26047332023325%

: at 2023-04-24 07:32:32.0
 IP address: 10.0.2.251
CPU usage: 2.875%
Memory usage: 6.825050112E9MB
Disk usage: 57.26050275862238%

: at 2023-04-24 07:32:37.0
 IP address: 10.0.2.251
CPU usage: 2.625%
Memory usage: 6.8307968E9MB
Disk usage: 57.26050275862238%

: at 2023-04-24 07:32:42.0
 IP address: 10.0.2.251
CPU usage: 2.375%
Memory usage: 6.823981056E9MB
Disk usage: 57.26050275862238%

: at 2023-04-24 07:32:47.0
 IP address: 10.0.2.251
CPU usage: 2.25%
Memory usage: 6.814736384E9MB
Disk usage: 57.26050766502057%

: at 2023-04-24 07:32:52.0
 IP address: 10.0.2.251
CPU usage: 2.0%
Memory usage: 6.81627648E9MB
Disk usage: 57.26050766502057%

: at 2023-04-24 07:32:57.0
 IP address: 10.0.2.251
CPU usage: 1.875%
Memory usage: 6.819897344E9MB
Disk usage: 57.26050766502057%

: at 2023-04-24 07:33:02.0
 IP address: 10.0.2.251
CPU usage: 1.7500000000000002%
Memory usage: 6.816251904E9MB
Disk usage: 57.26050766502057%

: at 2023-04-24 07:33:07.0
 IP address: 10.0.2.251
CPU usage: 1.625%
Memory usage: 6.815633408E9MB
Disk usage: 57.26050766502057%

: at 2023-04-24 07:33:12.0
 IP address: 10.0.2.251
CPU usage: 1.5%
Memory usage: 6.839390208E9MB
Disk usage: 57.26051257141875%

: at 2023-04-24 07:33:17.0
 IP address: 10.0.2.251
CPU usage: 1.375%
Memory usage: 6.842986496E9MB
Disk usage: 57.26051257141875%

: at 2023-04-24 07:33:22.0
 IP address: 10.0.2.251
CPU usage: 1.25%
Memory usage: 6.831366144E9MB
Disk usage: 57.26051257141875%

: at 2023-04-24 07:33:27.0
 IP address: 10.0.2.251
CPU usage: 1.125%
Memory usage: 6.830292992E9MB
Disk usage: 57.260517477816954%

: at 2023-04-24 07:33:32.0
 IP address: 10.0.2.251
CPU usage: 1.0%
Memory usage: 6.83655168E9MB
Disk usage: 57.260527290613325%

: at 2023-04-24 07:33:37.0
 IP address: 10.0.2.251
CPU usage: 1.0%
Memory usage: 6.830616576E9MB
Disk usage: 57.260527290613325%

: at 2023-04-24 07:33:42.0
 IP address: 10.0.2.251
CPU usage: 0.8750000000000001%
Memory usage: 6.834761728E9MB
Disk usage: 57.260532197011514%

: at 2023-04-24 07:33:47.0
 IP address: 10.0.2.251
CPU usage: 0.75%
Memory usage: 6.832697344E9MB
Disk usage: 57.260532197011514%

: at 2023-04-24 07:33:52.0
 IP address: 10.0.2.251
CPU usage: 0.75%
Memory usage: 6.833713152E9MB
Disk usage: 57.260532197011514%

: at 2023-04-24 07:33:57.0
 IP address: 10.0.2.251
CPU usage: 2.625%
Memory usage: 6.863204352E9MB
Disk usage: 57.260532197011514%

: at 2023-04-24 07:34:02.0
 IP address: 10.0.2.251
CPU usage: 4.5%
Memory usage: 6.878687232E9MB
Disk usage: 57.260532197011514%

: at 2023-04-24 07:34:07.0
 IP address: 10.0.2.251
CPU usage: 4.125%
Memory usage: 6.90671616E9MB
Disk usage: 57.26054200980789%

: at 2023-04-24 07:34:12.0
 IP address: 10.0.2.251
CPU usage: 3.75%
Memory usage: 6.86983168E9MB
Disk usage: 57.26054200980789%

: at 2023-04-24 07:34:17.0
 IP address: 10.0.2.251
CPU usage: 6.5%
Memory usage: 6.854238208E9MB
Disk usage: 57.26054200980789%

: at 2023-04-24 07:34:22.0
 IP address: 10.0.2.251
CPU usage: 6.0%
Memory usage: 6.841192448E9MB
Disk usage: 57.26054691620608%

: at 2023-04-24 07:34:27.0
 IP address: 10.0.2.251
CPU usage: 5.5%
Memory usage: 6.832054272E9MB
Disk usage: 57.26054691620608%

: at 2023-04-24 07:34:32.0
 IP address: 10.0.2.251
CPU usage: 6.0%
Memory usage: 6.835748864E9MB
Disk usage: 57.26055182260426%

: at 2023-04-24 07:34:37.0
 IP address: 10.0.2.251
CPU usage: 14.625%
Memory usage: 6.844289024E9MB
Disk usage: 57.26055672900245%

: at 2023-04-24 07:34:42.0
 IP address: 10.0.2.251
CPU usage: 13.375%
Memory usage: 6.834409472E9MB
Disk usage: 57.26056163540064%

: at 2023-04-24 07:34:47.0
 IP address: 10.0.2.251
CPU usage: 12.375%
Memory usage: 6.868475904E9MB
Disk usage: 57.2605763545952%

: at 2023-04-24 07:34:52.0
 IP address: 10.0.2.251
CPU usage: 11.375%
Memory usage: 6.850506752E9MB
Disk usage: 57.2605763545952%

: at 2023-04-24 07:34:57.0
 IP address: 10.0.2.251
CPU usage: 10.375%
Memory usage: 6.860750848E9MB
Disk usage: 57.26061069938253%

: at 2023-04-24 07:35:02.0
 IP address: 10.0.2.251
CPU usage: 9.625%
Memory usage: 6.851710976E9MB
Disk usage: 57.26061069938253%

: at 2023-04-24 07:35:07.0
 IP address: 10.0.2.251
CPU usage: 8.875%
Memory usage: 6.86481408E9MB
Disk usage: 57.26061560578072%

: at 2023-04-24 07:35:12.0
 IP address: 10.0.2.251
CPU usage: 8.125%
Memory usage: 6.889504768E9MB
Disk usage: 57.26061560578072%

: at 2023-04-24 07:35:17.0
 IP address: 10.0.2.251
CPU usage: 9.5%
Memory usage: 6.907899904E9MB
Disk usage: 57.260586167391594%

: at 2023-04-24 07:35:22.0
 IP address: 10.0.2.251
CPU usage: 8.75%
Memory usage: 6.850658304E9MB
Disk usage: 57.26059107378978%

: at 2023-04-24 07:35:28.0
 IP address: 10.0.2.251
CPU usage: 8.0%
Memory usage: 6.857867264E9MB
Disk usage: 57.26059107378978%

: at 2023-04-24 07:35:33.0
 IP address: 10.0.2.251
CPU usage: 8.375%
Memory usage: 6.873092096E9MB
Disk usage: 57.26061069938253%

: at 2023-04-24 07:35:38.0
 IP address: 10.0.2.251
CPU usage: 7.75%
Memory usage: 6.86329856E9MB
Disk usage: 57.26061560578072%

: at 2023-04-24 07:35:43.0
 IP address: 10.0.2.251
CPU usage: 7.124999999999999%
Memory usage: 6.835798016E9MB
Disk usage: 57.26061560578072%

: at 2023-04-24 07:35:48.0
 IP address: 10.0.2.251
CPU usage: 6.5%
Memory usage: 6.879391744E9MB
Disk usage: 57.2606205121789%

: at 2023-04-24 07:35:53.0
 IP address: 10.0.2.251
CPU usage: 6.0%
Memory usage: 6.848360448E9MB
Disk usage: 57.2606205121789%

: at 2023-04-24 07:35:58.0
 IP address: 10.0.2.251
CPU usage: 7.5%
Memory usage: 6.851907584E9MB
Disk usage: 57.26062541857709%

: at 2023-04-24 07:36:03.0
 IP address: 10.0.2.251
CPU usage: 6.875000000000001%
Memory usage: 6.855602176E9MB
Disk usage: 57.26062541857709%

: at 2023-04-24 07:36:08.0
 IP address: 10.0.2.251
CPU usage: 7.375%
Memory usage: 6.819733504E9MB
Disk usage: 57.260586167391594%

: at 2023-04-24 07:36:13.0
 IP address: 10.0.2.251
CPU usage: 6.75%
Memory usage: 6.82151936E9MB
Disk usage: 57.260586167391594%

: at 2023-04-24 07:36:18.0
 IP address: 10.0.2.251
CPU usage: 6.25%
Memory usage: 6.818402304E9MB
Disk usage: 57.260586167391594%

: at 2023-04-24 07:36:23.0
 IP address: 10.0.2.251
CPU usage: 5.75%
Memory usage: 6.830788608E9MB
Disk usage: 57.260586167391594%

: at 2023-04-24 07:36:28.0
 IP address: 10.0.2.251
CPU usage: 5.25%
Memory usage: 6.822531072E9MB
Disk usage: 57.260586167391594%

: at 2023-04-24 07:36:33.0
 IP address: 10.0.2.251
CPU usage: 4.875%
Memory usage: 6.817918976E9MB
Disk usage: 57.26059107378978%

: at 2023-04-24 07:36:38.0
 IP address: 10.0.2.251
CPU usage: 4.5%
Memory usage: 6.81566208E9MB
Disk usage: 57.260595980187965%

: at 2023-04-24 07:36:43.0
 IP address: 10.0.2.251
CPU usage: 4.125%
Memory usage: 6.82366976E9MB
Disk usage: 57.260595980187965%

: at 2023-04-24 07:36:48.0
 IP address: 10.0.2.251
CPU usage: 3.75%
Memory usage: 6.869168128E9MB
Disk usage: 57.260595980187965%

: at 2023-04-24 07:36:53.0
 IP address: 10.0.2.251
CPU usage: 5.5%
Memory usage: 6.850383872E9MB
Disk usage: 57.26061560578072%

: at 2023-04-24 07:36:58.0
 IP address: 10.0.2.251
CPU usage: 5.0%
Memory usage: 6.846726144E9MB
Disk usage: 57.260654856966234%

: at 2023-04-24 07:37:03.0
 IP address: 10.0.2.251
CPU usage: 9.625%
Memory usage: 6.90300928E9MB
Disk usage: 57.260728452939055%

: at 2023-04-24 07:37:08.0
 IP address: 10.0.2.251
CPU usage: 8.875%
Memory usage: 6.884933632E9MB
Disk usage: 57.26069410815173%

: at 2023-04-24 07:37:13.0
 IP address: 10.0.2.251
CPU usage: 8.125%
Memory usage: 6.861611008E9MB
Disk usage: 57.26069410815173%

: at 2023-04-24 07:37:18.0
 IP address: 10.0.2.251
CPU usage: 7.5%
Memory usage: 6.921207808E9MB
Disk usage: 57.26069410815173%

: at 2023-04-24 07:37:23.0
 IP address: 10.0.2.251
CPU usage: 8.875%
Memory usage: 6.860075008E9MB
Disk usage: 57.260669576160794%

: at 2023-04-24 07:37:28.0
 IP address: 10.0.2.251
CPU usage: 8.125%
Memory usage: 6.868762624E9MB
Disk usage: 57.26067448255898%

: at 2023-04-24 07:37:33.0
 IP address: 10.0.2.251
CPU usage: 8.5%
Memory usage: 6.881042432E9MB
Disk usage: 57.26068429535536%

: at 2023-04-24 07:37:38.0
 IP address: 10.0.2.251
CPU usage: 7.875%
Memory usage: 6.854586368E9MB
Disk usage: 57.26070392094811%

: at 2023-04-24 07:37:43.0
 IP address: 10.0.2.251
CPU usage: 7.249999999999999%
Memory usage: 6.835826688E9MB
Disk usage: 57.260654856966234%

: at 2023-04-24 07:37:48.0
 IP address: 10.0.2.251
CPU usage: 7.625%
Memory usage: 6.831190016E9MB
Disk usage: 57.260654856966234%

: at 2023-04-24 07:37:53.0
 IP address: 10.0.2.251
CPU usage: 7.000000000000001%
Memory usage: 6.833606656E9MB
Disk usage: 57.260659763364416%

: at 2023-04-24 07:37:58.0
 IP address: 10.0.2.251
CPU usage: 6.5%
Memory usage: 6.838222848E9MB
Disk usage: 57.260659763364416%

: at 2023-04-24 07:38:03.0
 IP address: 10.0.2.251
CPU usage: 5.875%
Memory usage: 6.841204736E9MB
Disk usage: 57.260669576160794%

: at 2023-04-24 07:38:08.0
 IP address: 10.0.2.251
CPU usage: 5.5%
Memory usage: 6.840819712E9MB
Disk usage: 57.260669576160794%

: at 2023-04-24 07:38:13.0
 IP address: 10.0.2.251
CPU usage: 8.0%
Memory usage: 6.852038656E9MB
Disk usage: 57.26068429535536%

: at 2023-04-24 07:38:18.0
 IP address: 10.0.2.251
CPU usage: 7.375%
Memory usage: 6.878838784E9MB
Disk usage: 57.26068920175354%

: at 2023-04-24 07:38:23.0
 IP address: 10.0.2.251
CPU usage: 6.75%
Memory usage: 6.886989824E9MB
Disk usage: 57.26068920175354%

: at 2023-04-24 07:38:28.0
 IP address: 10.0.2.251
CPU usage: 6.25%
Memory usage: 6.859169792E9MB
Disk usage: 57.26069901454992%

: at 2023-04-24 07:38:33.0
 IP address: 10.0.2.251
CPU usage: 5.75%
Memory usage: 6.818525184E9MB
Disk usage: 57.26070392094811%

: at 2023-04-24 07:38:38.0
 IP address: 10.0.2.251
CPU usage: 14.249999999999998%
Memory usage: 6.83964416E9MB
Disk usage: 57.26070392094811%

: at 2023-04-24 07:38:43.0
 IP address: 10.0.2.251
CPU usage: 13.125%
Memory usage: 6.817878016E9MB
Disk usage: 57.26070392094811%

: at 2023-04-24 07:38:48.0
 IP address: 10.0.2.251
CPU usage: 13.125%
Memory usage: 6.840909824E9MB
Disk usage: 57.26070392094811%

: at 2023-04-24 07:38:53.0
 IP address: 10.0.2.251
CPU usage: 12.0%
Memory usage: 6.84879872E9MB
Disk usage: 57.260713733744495%

: at 2023-04-24 07:38:58.0
 IP address: 10.0.2.251
CPU usage: 11.125%
Memory usage: 6.83958272E9MB
Disk usage: 57.260718640142684%

: at 2023-04-24 07:39:03.0
 IP address: 10.0.2.251
CPU usage: 10.125%
Memory usage: 6.844301312E9MB
Disk usage: 57.26072354654087%

: at 2023-04-24 07:39:08.0
 IP address: 10.0.2.251
CPU usage: 9.375%
Memory usage: 6.85084672E9MB
Disk usage: 57.26072354654087%

: at 2023-04-24 07:39:13.0
 IP address: 10.0.2.251
CPU usage: 9.625%
Memory usage: 6.849089536E9MB
Disk usage: 57.26072354654087%

: at 2023-04-24 07:39:18.0
 IP address: 10.0.2.251
CPU usage: 9.875%
Memory usage: 6.843838464E9MB
Disk usage: 57.26072354654087%

: at 2023-04-24 07:39:23.0
 IP address: 10.0.2.251
CPU usage: 9.0%
Memory usage: 6.884675584E9MB
Disk usage: 57.260733359337245%

: at 2023-04-24 07:39:28.0
 IP address: 10.0.2.251
CPU usage: 14.374999999999998%
Memory usage: 6.880096256E9MB
Disk usage: 57.260718640142684%

: at 2023-04-24 07:39:33.0
 IP address: 10.0.2.251
CPU usage: 13.25%
Memory usage: 6.86125056E9MB
Disk usage: 57.260718640142684%

: at 2023-04-24 07:39:39.0
 IP address: 10.0.2.251
CPU usage: 12.125%
Memory usage: 6.887194624E9MB
Disk usage: 57.26070392094811%

: at 2023-04-24 07:39:44.0
 IP address: 10.0.2.251
CPU usage: 11.125%
Memory usage: 6.91570688E9MB
Disk usage: 57.26074317213362%

: at 2023-04-24 07:39:49.0
 IP address: 10.0.2.251
CPU usage: 10.25%
Memory usage: 6.898782208E9MB
Disk usage: 57.260738265735434%

: at 2023-04-24 07:39:54.0
 IP address: 10.0.2.251
CPU usage: 9.375%
Memory usage: 6.876741632E9MB
Disk usage: 57.260738265735434%

: at 2023-04-24 07:39:59.0
 IP address: 10.0.2.251
CPU usage: 17.625%
Memory usage: 6.878572544E9MB
Disk usage: 57.26074317213362%

: at 2023-04-24 07:40:04.0
 IP address: 10.0.2.251
CPU usage: 16.25%
Memory usage: 6.868516864E9MB
Disk usage: 57.26074317213362%

: at 2023-04-24 07:40:09.0
 IP address: 10.0.2.251
CPU usage: 15.0%
Memory usage: 6.873567232E9MB
Disk usage: 57.26074317213362%

: at 2023-04-24 07:40:14.0
 IP address: 10.0.2.251
CPU usage: 13.750000000000002%
Memory usage: 6.924828672E9MB
Disk usage: 57.26074317213362%

: at 2023-04-24 07:40:19.0
 IP address: 10.0.2.251
CPU usage: 12.625%
Memory usage: 6.853107712E9MB
Disk usage: 57.26074317213362%

: at 2023-04-24 07:40:24.0
 IP address: 10.0.2.251
CPU usage: 11.625%
Memory usage: 6.851026944E9MB
Disk usage: 57.26074807853181%

: at 2023-04-24 07:40:29.0
 IP address: 10.0.2.251
CPU usage: 10.75%
Memory usage: 6.90552832E9MB
Disk usage: 57.26075789132818%

: at 2023-04-27 01:31:45.0
 IP address: 10.0.2.251
CPU usage: 31.0%
Memory usage: 3.696852992E9MB
Disk usage: 63.76413962627965%

: at 2023-04-27 01:31:50.0
 IP address: 10.0.2.251
CPU usage: 31.0%
Memory usage: 3.747565568E9MB
Disk usage: 63.76413962627965%

: at 2023-04-27 01:31:55.0
 IP address: 10.0.2.251
CPU usage: 28.499999999999996%
Memory usage: 3.759673344E9MB
Disk usage: 63.76414453267783%

: at 2023-04-27 01:32:00.0
 IP address: 10.0.2.251
CPU usage: 26.25%
Memory usage: 3.793788928E9MB
Disk usage: 63.76414453267783%

: at 2023-04-27 01:32:05.0
 IP address: 10.0.2.251
CPU usage: 25.124999999999996%
Memory usage: 3.780370432E9MB
Disk usage: 63.76414943907602%

: at 2023-04-27 01:32:11.0
 IP address: 10.0.2.251
CPU usage: 25.124999999999996%
Memory usage: 3.778613248E9MB
Disk usage: 63.76414943907602%

: at 2023-04-27 01:32:16.0
 IP address: 10.0.2.251
CPU usage: 24.125%
Memory usage: 3.778113536E9MB
Disk usage: 63.76414943907602%

: at 2023-04-27 01:32:21.0
 IP address: 10.0.2.251
CPU usage: 22.125%
Memory usage: 3.7792768E9MB
Disk usage: 63.76414943907602%

: at 2023-04-27 01:32:26.0
 IP address: 10.0.2.251
CPU usage: 20.375%
Memory usage: 3.786358784E9MB
Disk usage: 63.76414943907602%

: at 2023-04-27 01:32:31.0
 IP address: 10.0.2.251
CPU usage: 18.75%
Memory usage: 3.787739136E9MB
Disk usage: 63.76415434547421%

: at 2023-04-27 01:32:36.0
 IP address: 10.0.2.251
CPU usage: 18.25%
Memory usage: 3.790270464E9MB
Disk usage: 63.76415434547421%

: at 2023-04-27 01:32:41.0
 IP address: 10.0.2.251
CPU usage: 17.75%
Memory usage: 3.812261888E9MB
Disk usage: 63.76415434547421%

: at 2023-04-27 01:32:46.0
 IP address: 10.0.2.251
CPU usage: 16.375%
Memory usage: 3.814076416E9MB
Disk usage: 63.7641592518724%

: at 2023-04-27 01:32:51.0
 IP address: 10.0.2.251
CPU usage: 16.0%
Memory usage: 3.80141568E9MB
Disk usage: 63.7641592518724%

: at 2023-04-27 01:32:56.0
 IP address: 10.0.2.251
CPU usage: 15.75%
Memory usage: 3.800907776E9MB
Disk usage: 63.7641592518724%

: at 2023-04-27 01:33:01.0
 IP address: 10.0.2.251
CPU usage: 16.5%
Memory usage: 3.816239104E9MB
Disk usage: 63.764164158270596%

: at 2023-04-27 01:33:06.0
 IP address: 10.0.2.251
CPU usage: 16.125%
Memory usage: 3.807014912E9MB
Disk usage: 63.764164158270596%

: at 2023-04-27 01:33:11.0
 IP address: 10.0.2.251
CPU usage: 15.875%
Memory usage: 3.818463232E9MB
Disk usage: 63.764164158270596%

: at 2023-04-27 01:33:16.0
 IP address: 10.0.2.251
CPU usage: 15.625%
Memory usage: 3.80966912E9MB
Disk usage: 63.764164158270596%

: at 2023-04-27 01:33:21.0
 IP address: 10.0.2.251
CPU usage: 14.374999999999998%
Memory usage: 3.80792832E9MB
Disk usage: 63.764164158270596%

: at 2023-04-27 01:33:26.0
 IP address: 10.0.2.251
CPU usage: 14.124999999999998%
Memory usage: 3.81130752E9MB
Disk usage: 63.764164158270596%

: at 2023-04-27 01:33:32.0
 IP address: 10.0.2.251
CPU usage: 14.000000000000002%
Memory usage: 3.83563776E9MB
Disk usage: 63.764169064668785%

: at 2023-04-27 01:33:37.0
 IP address: 10.0.2.251
CPU usage: 13.875000000000002%
Memory usage: 3.83635456E9MB
Disk usage: 63.764169064668785%

: at 2023-04-27 01:33:42.0
 IP address: 10.0.2.251
CPU usage: 13.750000000000002%
Memory usage: 3.8751232E9MB
Disk usage: 63.764173971066974%

: at 2023-04-27 01:33:47.0
 IP address: 10.0.2.251
CPU usage: 24.75%
Memory usage: 3.938992128E9MB
Disk usage: 63.764173971066974%

: at 2023-04-27 01:33:52.0
 IP address: 10.0.2.251
CPU usage: 24.75%
Memory usage: 3.931467776E9MB
Disk usage: 63.76417887746516%

: at 2023-04-27 01:33:57.0
 IP address: 10.0.2.251
CPU usage: 24.75%
Memory usage: 3.918954496E9MB
Disk usage: 63.764183783863345%

: at 2023-04-27 01:34:02.0
 IP address: 10.0.2.251
CPU usage: 23.75%
Memory usage: 3.938172928E9MB
Disk usage: 63.764183783863345%

: at 2023-04-27 01:34:07.0
 IP address: 10.0.2.251
CPU usage: 21.875%
Memory usage: 3.93150464E9MB
Disk usage: 63.764183783863345%

: at 2023-04-27 01:34:12.0
 IP address: 10.0.2.251
CPU usage: 20.125%
Memory usage: 3.93150464E9MB
Disk usage: 63.764183783863345%

: at 2023-04-27 01:34:17.0
 IP address: 10.0.2.251
CPU usage: 18.5%
Memory usage: 3.935166464E9MB
Disk usage: 63.764183783863345%

: at 2023-04-27 01:34:22.0
 IP address: 10.0.2.251
CPU usage: 18.0%
Memory usage: 3.949355008E9MB
Disk usage: 63.764188690261534%

: at 2023-04-27 01:34:27.0
 IP address: 10.0.2.251
CPU usage: 16.625%
Memory usage: 3.935522816E9MB
Disk usage: 63.76419359665972%

: at 2023-04-27 01:34:32.0
 IP address: 10.0.2.251
CPU usage: 15.25%
Memory usage: 3.937030144E9MB
Disk usage: 63.76419359665972%

: at 2023-04-27 01:34:37.0
 IP address: 10.0.2.251
CPU usage: 14.000000000000002%
Memory usage: 3.934208E9MB
Disk usage: 63.76419359665972%

: at 2023-04-27 01:34:42.0
 IP address: 10.0.2.251
CPU usage: 12.875%
Memory usage: 3.934183424E9MB
Disk usage: 63.76419850305791%

: at 2023-04-27 01:34:47.0
 IP address: 10.0.2.251
CPU usage: 12.875%
Memory usage: 3.956740096E9MB
Disk usage: 63.76419850305791%

: at 2023-04-27 01:34:52.0
 IP address: 10.0.2.251
CPU usage: 11.875%
Memory usage: 3.931660288E9MB
Disk usage: 63.7642034094561%

: at 2023-04-27 01:34:57.0
 IP address: 10.0.2.251
CPU usage: 10.875%
Memory usage: 3.931652096E9MB
Disk usage: 63.7642034094561%

: at 2023-04-27 01:35:02.0
 IP address: 10.0.2.251
CPU usage: 10.0%
Memory usage: 3.94571776E9MB
Disk usage: 63.7642034094561%

: at 2023-04-27 01:35:08.0
 IP address: 10.0.2.251
CPU usage: 9.25%
Memory usage: 3.953881088E9MB
Disk usage: 63.76422794144705%

: at 2023-04-27 01:35:13.0
 IP address: 10.0.2.251
CPU usage: 8.5%
Memory usage: 3.9435264E9MB
Disk usage: 63.76422794144705%

: at 2023-04-27 01:35:18.0
 IP address: 10.0.2.251
CPU usage: 7.75%
Memory usage: 3.957153792E9MB
Disk usage: 63.76422794144705%

: at 2023-04-27 01:35:23.0
 IP address: 10.0.2.251
CPU usage: 7.124999999999999%
Memory usage: 3.941097472E9MB
Disk usage: 63.764232847845236%

: at 2023-04-27 01:35:28.0
 IP address: 10.0.2.251
CPU usage: 6.625%
Memory usage: 3.953741824E9MB
Disk usage: 63.764232847845236%

: at 2023-04-27 01:35:33.0
 IP address: 10.0.2.251
CPU usage: 8.0%
Memory usage: 3.955888128E9MB
Disk usage: 63.764232847845236%

: at 2023-04-27 01:35:38.0
 IP address: 10.0.2.251
CPU usage: 9.375%
Memory usage: 3.959205888E9MB
Disk usage: 63.76421322225247%

: at 2023-04-27 01:35:43.0
 IP address: 10.0.2.251
CPU usage: 8.625%
Memory usage: 3.954536448E9MB
Disk usage: 63.76422303504885%

: at 2023-04-27 01:35:48.0
 IP address: 10.0.2.251
CPU usage: 16.0%
Memory usage: 3.95565056E9MB
Disk usage: 63.76426228623436%

: at 2023-04-27 01:35:53.0
 IP address: 10.0.2.251
CPU usage: 14.75%
Memory usage: 3.946426368E9MB
Disk usage: 63.764301537419875%

: at 2023-04-27 01:35:58.0
 IP address: 10.0.2.251
CPU usage: 16.5%
Memory usage: 3.974258688E9MB
Disk usage: 63.76434078860538%

: at 2023-04-27 01:36:03.0
 IP address: 10.0.2.251
CPU usage: 19.25%
Memory usage: 3.969912832E9MB
Disk usage: 63.764330975809%

: at 2023-04-27 01:36:08.0
 IP address: 10.0.2.251
CPU usage: 17.625%
Memory usage: 4.018274304E9MB
Disk usage: 63.764330975809%

: at 2023-04-27 01:36:13.0
 IP address: 10.0.2.251
CPU usage: 16.25%
Memory usage: 3.969765376E9MB
Disk usage: 63.764291724623504%

: at 2023-04-27 01:36:18.0
 IP address: 10.0.2.251
CPU usage: 19.0%
Memory usage: 4.063776768E9MB
Disk usage: 63.764330975809%

: at 2023-04-27 01:36:23.0
 IP address: 10.0.2.251
CPU usage: 17.375%
Memory usage: 4.007092224E9MB
Disk usage: 63.764330975809%

: at 2023-04-27 01:36:28.0
 IP address: 10.0.2.251
CPU usage: 16.0%
Memory usage: 3.972612096E9MB
Disk usage: 63.764291724623504%

: at 2023-04-27 01:36:33.0
 IP address: 10.0.2.251
CPU usage: 14.75%
Memory usage: 3.985473536E9MB
Disk usage: 63.764296631021686%

: at 2023-04-27 01:36:38.0
 IP address: 10.0.2.251
CPU usage: 13.625000000000002%
Memory usage: 3.97201408E9MB
Disk usage: 63.764296631021686%

: at 2023-04-27 01:36:43.0
 IP address: 10.0.2.251
CPU usage: 13.5%
Memory usage: 3.964166144E9MB
Disk usage: 63.764301537419875%

: at 2023-04-28 03:00:42.0
 IP address: 10.0.2.251
CPU usage: 5.5%
Memory usage: 1.530763264E10MB
Disk usage: 72.82941680097932%

: at 2023-04-28 03:00:47.0
 IP address: 10.0.2.251
CPU usage: 10.0%
Memory usage: 1.5288475648E10MB
Disk usage: 72.83226741832686%

: at 2023-04-28 03:00:52.0
 IP address: 10.0.2.251
CPU usage: 9.25%
Memory usage: 1.5239974912E10MB
Disk usage: 72.83561358189147%

: at 2023-04-28 03:00:57.0
 IP address: 10.0.2.251
CPU usage: 8.5%
Memory usage: 1.5225667584E10MB
Disk usage: 72.83789015065095%

: at 2023-04-28 03:01:02.0
 IP address: 10.0.2.251
CPU usage: 8.875%
Memory usage: 1.5223181312E10MB
Disk usage: 72.84014709381769%

: at 2023-04-28 03:01:07.0
 IP address: 10.0.2.251
CPU usage: 8.125%
Memory usage: 1.5226454016E10MB
Disk usage: 72.84543619106496%

: at 2023-04-28 03:01:12.0
 IP address: 10.0.2.251
CPU usage: 8.5%
Memory usage: 1.5258886144E10MB
Disk usage: 72.87099852562734%

: at 2023-04-28 03:01:17.0
 IP address: 10.0.2.251
CPU usage: 7.75%
Memory usage: 1.5262773248E10MB
Disk usage: 72.87341247353612%

: at 2023-04-28 03:01:22.0
 IP address: 10.0.2.251
CPU usage: 7.124999999999999%
Memory usage: 1.5267659776E10MB
Disk usage: 72.87592454940865%

: at 2023-04-28 03:01:27.0
 IP address: 10.0.2.251
CPU usage: 6.625%
Memory usage: 1.5277166592E10MB
Disk usage: 72.87835812291019%

: at 2023-04-28 03:01:32.0
 IP address: 10.0.2.251
CPU usage: 7.000000000000001%
Memory usage: 1.5279239168E10MB
Disk usage: 72.88038446536206%

: at 2023-04-28 03:01:37.0
 IP address: 10.0.2.251
CPU usage: 6.5%
Memory usage: 1.5281328128E10MB
Disk usage: 72.88254328056502%

: at 2023-04-28 03:01:42.0
 IP address: 10.0.2.251
CPU usage: 6.0%
Memory usage: 1.527345152E10MB
Disk usage: 72.88526633155968%

: at 2023-04-28 03:01:48.0
 IP address: 10.0.2.251
CPU usage: 5.5%
Memory usage: 1.5277715456E10MB
Disk usage: 72.88703263490756%

: at 2023-04-28 03:01:53.0
 IP address: 10.0.2.251
CPU usage: 5.0%
Memory usage: 1.528471552E10MB
Disk usage: 72.88921598210146%

: at 2023-04-28 03:01:58.0
 IP address: 10.0.2.251
CPU usage: 5.625%
Memory usage: 1.530034176E10MB
Disk usage: 72.89115891578413%

: at 2023-04-28 03:02:03.0
 IP address: 10.0.2.251
CPU usage: 5.125%
Memory usage: 1.5326076928E10MB
Disk usage: 72.89249345609142%

: at 2023-04-28 03:02:08.0
 IP address: 10.0.2.251
CPU usage: 4.75%
Memory usage: 1.5300706304E10MB
Disk usage: 72.8924983624896%

: at 2023-04-28 03:02:13.0
 IP address: 10.0.2.251
CPU usage: 4.375%
Memory usage: 1.5302221824E10MB
Disk usage: 72.8924983624896%

: at 2023-04-28 03:02:18.0
 IP address: 10.0.2.251
CPU usage: 4.0%
Memory usage: 1.5304052736E10MB
Disk usage: 72.89253761367512%

: at 2023-04-28 03:02:23.0
 IP address: 10.0.2.251
CPU usage: 3.75%
Memory usage: 1.530998784E10MB
Disk usage: 72.89253761367512%

: at 2023-04-28 03:02:28.0
 IP address: 10.0.2.251
CPU usage: 3.375%
Memory usage: 1.5322148864E10MB
Disk usage: 72.89253761367512%

: at 2023-04-28 03:02:33.0
 IP address: 10.0.2.251
CPU usage: 3.125%
Memory usage: 1.5328108544E10MB
Disk usage: 72.8925425200733%

: at 2023-04-28 03:02:38.0
 IP address: 10.0.2.251
CPU usage: 2.875%
Memory usage: 1.5329316864E10MB
Disk usage: 72.89256705206425%

: at 2023-04-28 03:02:43.0
 IP address: 10.0.2.251
CPU usage: 2.625%
Memory usage: 1.532725248E10MB
Disk usage: 72.89257195846244%

: at 2023-04-28 03:02:48.0
 IP address: 10.0.2.251
CPU usage: 2.375%
Memory usage: 1.5316774912E10MB
Disk usage: 72.89253270727693%

: at 2023-04-28 03:02:53.0
 IP address: 10.0.2.251
CPU usage: 2.25%
Memory usage: 1.5320203264E10MB
Disk usage: 72.89253270727693%

: at 2023-04-28 03:02:58.0
 IP address: 10.0.2.251
CPU usage: 3.0%
Memory usage: 1.5337013248E10MB
Disk usage: 72.89253270727693%

: at 2023-04-28 03:03:03.0
 IP address: 10.0.2.251
CPU usage: 2.75%
Memory usage: 1.5327834112E10MB
Disk usage: 72.89253270727693%

: at 2023-04-28 03:03:08.0
 IP address: 10.0.2.251
CPU usage: 2.625%
Memory usage: 1.5329898496E10MB
Disk usage: 72.89253761367512%

: at 2023-04-28 03:03:13.0
 IP address: 10.0.2.251
CPU usage: 2.375%
Memory usage: 1.5322693632E10MB
Disk usage: 72.89253761367512%

: at 2023-04-28 03:03:18.0
 IP address: 10.0.2.251
CPU usage: 2.125%
Memory usage: 1.5324844032E10MB
Disk usage: 72.89253761367512%

: at 2023-04-28 03:03:23.0
 IP address: 10.0.2.251
CPU usage: 3.0%
Memory usage: 1.534142464E10MB
Disk usage: 72.89253761367512%

: at 2023-04-28 03:03:28.0
 IP address: 10.0.2.251
CPU usage: 2.75%
Memory usage: 1.534324736E10MB
Disk usage: 72.89253761367512%

: at 2023-04-28 03:03:33.0
 IP address: 10.0.2.251
CPU usage: 2.5%
Memory usage: 1.5345205248E10MB
Disk usage: 72.89271424400991%

: at 2023-04-28 03:03:38.0
 IP address: 10.0.2.251
CPU usage: 2.375%
Memory usage: 1.5331749888E10MB
Disk usage: 72.89272405680627%

: at 2023-04-28 03:03:43.0
 IP address: 10.0.2.251
CPU usage: 4.125%
Memory usage: 1.5335952384E10MB
Disk usage: 72.89272405680627%

: at 2023-04-28 03:03:48.0
 IP address: 10.0.2.251
CPU usage: 3.875%
Memory usage: 1.5370715136E10MB
Disk usage: 72.89299390870664%

: at 2023-04-28 03:03:53.0
 IP address: 10.0.2.251
CPU usage: 4.5%
Memory usage: 1.5376293888E10MB
Disk usage: 72.89299390870664%

: at 2023-04-28 03:03:58.0
 IP address: 10.0.2.251
CPU usage: 4.125%
Memory usage: 1.537409024E10MB
Disk usage: 72.89306750467948%

: at 2023-04-28 03:04:03.0
 IP address: 10.0.2.251
CPU usage: 3.75%
Memory usage: 1.5377641472E10MB
Disk usage: 72.89332263738528%

: at 2023-04-28 03:04:08.0
 IP address: 10.0.2.251
CPU usage: 3.5000000000000004%
Memory usage: 1.5383310336E10MB
Disk usage: 72.89332263738528%

: at 2023-04-28 03:04:13.0
 IP address: 10.0.2.251
CPU usage: 5.25%
Memory usage: 1.5380803584E10MB
Disk usage: 72.89332263738528%

: at 2023-04-28 03:04:18.0
 IP address: 10.0.2.251
CPU usage: 5.875%
Memory usage: 1.5389085696E10MB
Disk usage: 72.89359739568384%

: at 2023-04-28 03:04:23.0
 IP address: 10.0.2.251
CPU usage: 5.375%
Memory usage: 1.5392841728E10MB
Disk usage: 72.89378383881501%

: at 2023-04-28 03:04:28.0
 IP address: 10.0.2.251
CPU usage: 4.875%
Memory usage: 1.5393210368E10MB
Disk usage: 72.8937887452132%

: at 2023-04-28 03:04:33.0
 IP address: 10.0.2.251
CPU usage: 4.5%
Memory usage: 1.5374618624E10MB
Disk usage: 72.8937887452132%

: at 2023-04-28 03:04:38.0
 IP address: 10.0.2.251
CPU usage: 5.125%
Memory usage: 1.537732608E10MB
Disk usage: 72.89380346440775%

: at 2023-04-28 03:04:43.0
 IP address: 10.0.2.251
CPU usage: 5.75%
Memory usage: 1.53776128E10MB
Disk usage: 72.89380346440775%

: at 2023-04-28 03:04:48.0
 IP address: 10.0.2.251
CPU usage: 6.25%
Memory usage: 1.5384215552E10MB
Disk usage: 72.89380346440775%

: at 2023-04-28 03:04:53.0
 IP address: 10.0.2.251
CPU usage: 6.75%
Memory usage: 1.5387725824E10MB
Disk usage: 72.8938329027969%

: at 2023-04-28 03:04:58.0
 IP address: 10.0.2.251
CPU usage: 7.249999999999999%
Memory usage: 1.5392579584E10MB
Disk usage: 72.89383780919508%

: at 2023-04-28 03:05:03.0
 IP address: 10.0.2.251
CPU usage: 6.625%
Memory usage: 1.5371259904E10MB
Disk usage: 72.89383780919508%

: at 2023-04-28 03:05:08.0
 IP address: 10.0.2.251
CPU usage: 13.125%
Memory usage: 1.5365357568E10MB
Disk usage: 72.89383780919508%

: at 2023-04-28 03:05:13.0
 IP address: 10.0.2.251
CPU usage: 13.125%
Memory usage: 1.5371808768E10MB
Disk usage: 72.89383780919508%

: at 2023-04-28 03:05:18.0
 IP address: 10.0.2.251
CPU usage: 13.0%
Memory usage: 1.5373099008E10MB
Disk usage: 72.89383780919508%

: at 2023-04-28 03:05:24.0
 IP address: 10.0.2.251
CPU usage: 12.0%
Memory usage: 1.5380471808E10MB
Disk usage: 72.89389668597335%

: at 2023-04-28 03:05:29.0
 IP address: 10.0.2.251
CPU usage: 14.000000000000002%
Memory usage: 1.5369592832E10MB
Disk usage: 72.89399481393711%

: at 2023-04-28 03:05:34.0
 IP address: 10.0.2.251
CPU usage: 12.875%
Memory usage: 1.5335919616E10MB
Disk usage: 72.89400462673349%

: at 2023-04-28 03:05:39.0
 IP address: 10.0.2.251
CPU usage: 12.875%
Memory usage: 1.5338713088E10MB
Disk usage: 72.89405859711357%

: at 2023-04-28 03:05:44.0
 IP address: 10.0.2.251
CPU usage: 11.875%
Memory usage: 1.5389048832E10MB
Disk usage: 72.89405369071538%

: at 2023-04-28 03:05:49.0
 IP address: 10.0.2.251
CPU usage: 10.875%
Memory usage: 1.5376437248E10MB
Disk usage: 72.89405859711357%

: at 2023-04-28 03:05:54.0
 IP address: 10.0.2.251
CPU usage: 10.0%
Memory usage: 1.5366406144E10MB
Disk usage: 72.89406350351175%

: at 2023-04-28 03:05:59.0
 IP address: 10.0.2.251
CPU usage: 9.25%
Memory usage: 1.537875968E10MB
Disk usage: 72.89406350351175%

: at 2023-04-28 03:06:04.0
 IP address: 10.0.2.251
CPU usage: 8.5%
Memory usage: 1.5378542592E10MB
Disk usage: 72.89406350351175%

: at 2023-04-28 03:06:09.0
 IP address: 10.0.2.251
CPU usage: 7.75%
Memory usage: 1.5372214272E10MB
Disk usage: 72.89406350351175%

: at 2023-04-28 03:06:14.0
 IP address: 10.0.2.251
CPU usage: 7.124999999999999%
Memory usage: 1.5371558912E10MB
Disk usage: 72.89406350351175%

: at 2023-04-28 03:06:19.0
 IP address: 10.0.2.251
CPU usage: 6.625%
Memory usage: 1.5386206208E10MB
Disk usage: 72.89407331630812%

: at 2023-04-28 03:06:24.0
 IP address: 10.0.2.251
CPU usage: 6.0%
Memory usage: 1.5403937792E10MB
Disk usage: 72.89407331630812%

: at 2023-04-28 03:06:29.0
 IP address: 10.0.2.251
CPU usage: 5.5%
Memory usage: 1.5376515072E10MB
Disk usage: 72.89407331630812%

: at 2023-04-28 03:06:34.0
 IP address: 10.0.2.251
CPU usage: 5.125%
Memory usage: 1.5369719808E10MB
Disk usage: 72.89407822270631%

: at 2023-04-28 03:06:39.0
 IP address: 10.0.2.251
CPU usage: 5.75%
Memory usage: 1.5386484736E10MB
Disk usage: 72.8940831291045%

: at 2023-04-28 03:06:44.0
 IP address: 10.0.2.251
CPU usage: 6.25%
Memory usage: 1.5375396864E10MB
Disk usage: 72.8940880355027%

: at 2023-04-28 03:06:49.0
 IP address: 10.0.2.251
CPU usage: 5.75%
Memory usage: 1.5376945152E10MB
Disk usage: 72.8940880355027%

: at 2023-04-28 03:06:54.0
 IP address: 10.0.2.251
CPU usage: 5.25%
Memory usage: 1.5386812416E10MB
Disk usage: 72.8940880355027%

: at 2023-04-28 03:06:59.0
 IP address: 10.0.2.251
CPU usage: 4.875%
Memory usage: 1.5373692928E10MB
Disk usage: 72.8940880355027%

: at 2023-04-28 03:07:04.0
 IP address: 10.0.2.251
CPU usage: 4.5%
Memory usage: 1.536561152E10MB
Disk usage: 72.8940880355027%

: at 2023-04-28 03:07:09.0
 IP address: 10.0.2.251
CPU usage: 4.125%
Memory usage: 1.5355031552E10MB
Disk usage: 72.8940880355027%

: at 2023-04-28 03:07:14.0
 IP address: 10.0.2.251
CPU usage: 3.75%
Memory usage: 1.535555584E10MB
Disk usage: 72.8940929419009%

: at 2023-04-28 03:07:19.0
 IP address: 10.0.2.251
CPU usage: 3.5000000000000004%
Memory usage: 1.5358152704E10MB
Disk usage: 72.8940929419009%

: at 2023-04-28 03:07:24.0
 IP address: 10.0.2.251
CPU usage: 3.25%
Memory usage: 1.535995904E10MB
Disk usage: 72.8940929419009%

: at 2023-04-28 03:07:29.0
 IP address: 10.0.2.251
CPU usage: 2.875%
Memory usage: 1.535840256E10MB
Disk usage: 72.8940929419009%

: at 2023-04-28 03:07:34.0
 IP address: 10.0.2.251
CPU usage: 2.75%
Memory usage: 1.5361757184E10MB
Disk usage: 72.89409784829908%

: at 2023-04-28 03:07:39.0
 IP address: 10.0.2.251
CPU usage: 4.5%
Memory usage: 1.5362564096E10MB
Disk usage: 72.89410275469727%

: at 2023-04-28 03:07:44.0
 IP address: 10.0.2.251
CPU usage: 4.125%
Memory usage: 1.5362813952E10MB
Disk usage: 72.89410766109545%

: at 2023-04-28 03:07:49.0
 IP address: 10.0.2.251
CPU usage: 3.75%
Memory usage: 1.5364104192E10MB
Disk usage: 72.89410766109545%

: at 2023-04-28 03:07:54.0
 IP address: 10.0.2.251
CPU usage: 3.5000000000000004%
Memory usage: 1.5366426624E10MB
Disk usage: 72.89410766109545%

: at 2023-04-28 03:07:59.0
 IP address: 10.0.2.251
CPU usage: 3.25%
Memory usage: 1.537513472E10MB
Disk usage: 72.89410766109545%

: at 2023-04-28 03:08:04.0
 IP address: 10.0.2.251
CPU usage: 3.0%
Memory usage: 1.5365070848E10MB
Disk usage: 72.89410766109545%

: at 2023-04-28 03:08:09.0
 IP address: 10.0.2.251
CPU usage: 2.75%
Memory usage: 1.5363272704E10MB
Disk usage: 72.89411256749364%

: at 2023-04-28 03:08:14.0
 IP address: 10.0.2.251
CPU usage: 2.5%
Memory usage: 1.5364653056E10MB
Disk usage: 72.89411256749364%

: at 2023-04-28 03:08:19.0
 IP address: 10.0.2.251
CPU usage: 2.25%
Memory usage: 1.5366893568E10MB
Disk usage: 72.89411256749364%

: at 2023-04-28 03:08:24.0
 IP address: 10.0.2.251
CPU usage: 2.125%
Memory usage: 1.5367401472E10MB
Disk usage: 72.89411256749364%

: at 2023-04-28 03:08:29.0
 IP address: 10.0.2.251
CPU usage: 1.875%
Memory usage: 1.5365369856E10MB
Disk usage: 72.89411256749364%

: at 2023-04-28 03:08:34.0
 IP address: 10.0.2.251
CPU usage: 1.7500000000000002%
Memory usage: 1.5365885952E10MB
Disk usage: 72.89411747389182%

: at 2023-04-28 03:08:39.0
 IP address: 10.0.2.251
CPU usage: 1.625%
Memory usage: 1.5368982528E10MB
Disk usage: 72.89413709948458%

: at 2023-04-28 03:08:44.0
 IP address: 10.0.2.251
CPU usage: 1.5%
Memory usage: 1.537130496E10MB
Disk usage: 72.89415181867915%

: at 2023-04-28 03:08:49.0
 IP address: 10.0.2.251
CPU usage: 1.375%
Memory usage: 1.537232896E10MB
Disk usage: 72.89415181867915%

: at 2023-04-28 03:08:54.0
 IP address: 10.0.2.251
CPU usage: 1.25%
Memory usage: 1.5383965696E10MB
Disk usage: 72.89415672507734%

: at 2023-04-28 03:08:59.0
 IP address: 10.0.2.251
CPU usage: 1.125%
Memory usage: 1.5387992064E10MB
Disk usage: 72.89416163147553%

: at 2023-04-28 03:09:04.0
 IP address: 10.0.2.251
CPU usage: 1.0%
Memory usage: 1.5381958656E10MB
Disk usage: 72.89416653787372%

: at 2023-04-28 03:09:10.0
 IP address: 10.0.2.251
CPU usage: 1.0%
Memory usage: 1.5380660224E10MB
Disk usage: 72.89416653787372%

: at 2023-04-28 03:09:15.0
 IP address: 10.0.2.251
CPU usage: 0.8750000000000001%
Memory usage: 1.538015232E10MB
Disk usage: 72.89416653787372%

: at 2023-04-28 03:09:20.0
 IP address: 10.0.2.251
CPU usage: 0.8750000000000001%
Memory usage: 1.5377047552E10MB
Disk usage: 72.89416653787372%

: at 2023-04-28 03:09:25.0
 IP address: 10.0.2.251
CPU usage: 0.75%
Memory usage: 1.5379111936E10MB
Disk usage: 72.89416653787372%

: at 2023-04-28 03:09:30.0
 IP address: 10.0.2.251
CPU usage: 2.75%
Memory usage: 1.5370887168E10MB
Disk usage: 72.8941714442719%

: at 2023-04-28 03:09:35.0
 IP address: 10.0.2.251
CPU usage: 2.5%
Memory usage: 1.5374733312E10MB
Disk usage: 72.8941763506701%

: at 2023-04-28 03:09:40.0
 IP address: 10.0.2.251
CPU usage: 2.25%
Memory usage: 1.5375024128E10MB
Disk usage: 72.8941763506701%

: at 2023-04-28 03:09:45.0
 IP address: 10.0.2.251
CPU usage: 2.125%
Memory usage: 1.5375273984E10MB
Disk usage: 72.8941763506701%

: at 2023-04-28 03:09:50.0
 IP address: 10.0.2.251
CPU usage: 1.875%
Memory usage: 1.5378628608E10MB
Disk usage: 72.8941763506701%

: at 2023-04-28 03:09:55.0
 IP address: 10.0.2.251
CPU usage: 1.7500000000000002%
Memory usage: 1.5377047552E10MB
Disk usage: 72.89418125706828%

: at 2023-04-28 03:10:00.0
 IP address: 10.0.2.251
CPU usage: 1.625%
Memory usage: 1.5377764352E10MB
Disk usage: 72.89418125706828%

